2019-06-28 16:12:45.312+0000 INFO  [o.n.k.i.f.CommunityFacadeFactory] No locking implementation specified, defaulting to 'community'
2019-06-28 16:12:45.485+0000 INFO  [o.n.k.AvailabilityGuard] Requirement makes database unavailable: Database available
2019-06-28 16:12:45.494+0000 INFO  [o.n.k.i.DiagnosticsManager] --- INITIALIZED diagnostics START ---
2019-06-28 16:12:45.494+0000 INFO  [o.n.k.i.DiagnosticsManager] Neo4j Kernel properties:
2019-06-28 16:12:45.496+0000 INFO  [o.n.k.i.DiagnosticsManager] dbms.security.auth_enabled=true
2019-06-28 16:12:45.496+0000 INFO  [o.n.k.i.DiagnosticsManager] edition=Community
2019-06-28 16:12:45.496+0000 INFO  [o.n.k.i.DiagnosticsManager] org.neo4j.server.http.log.enabled=false
2019-06-28 16:12:45.496+0000 INFO  [o.n.k.i.DiagnosticsManager] org.neo4j.server.webadmin.rrdb.location=data/rrd
2019-06-28 16:12:45.497+0000 INFO  [o.n.k.i.DiagnosticsManager] org.neo4j.server.db.tuning.properties=conf/neo4j.properties
2019-06-28 16:12:45.497+0000 INFO  [o.n.k.i.DiagnosticsManager] dbms.security.tls_certificate_file=conf/ssl/snakeoil.cert
2019-06-28 16:12:45.497+0000 INFO  [o.n.k.i.DiagnosticsManager] org.neo4j.server.webserver.https.keystore.location=data/keystore
2019-06-28 16:12:45.498+0000 INFO  [o.n.k.i.DiagnosticsManager] dbms.querylog.filename=data/log/queries.log
2019-06-28 16:12:45.498+0000 INFO  [o.n.k.i.DiagnosticsManager] dbms.security.tls_key_file=conf/ssl/snakeoil.key
2019-06-28 16:12:45.499+0000 INFO  [o.n.k.i.DiagnosticsManager] org.neo4j.server.database.location=C:/Users/jah16sy/Desktop/github/Legal KMS/REPO/legal_mining/databases
2019-06-28 16:12:45.499+0000 INFO  [o.n.k.i.DiagnosticsManager] remote_shell_enabled=true
2019-06-28 16:12:45.499+0000 INFO  [o.n.k.i.DiagnosticsManager] org.neo4j.server.webserver.https.port=7473
2019-06-28 16:12:45.499+0000 INFO  [o.n.k.i.DiagnosticsManager] org.neo4j.server.webserver.port=7474
2019-06-28 16:12:45.500+0000 INFO  [o.n.k.i.DiagnosticsManager] org.neo4j.server.webserver.https.enabled=true
2019-06-28 16:12:45.500+0000 INFO  [o.n.k.i.DiagnosticsManager] org.neo4j.server.http.log.config=conf/neo4j-http-logging.xml
2019-06-28 16:12:45.500+0000 INFO  [o.n.k.i.DiagnosticsManager] Diagnostics providers:
2019-06-28 16:12:45.500+0000 INFO  [o.n.k.i.DiagnosticsManager] org.neo4j.kernel.configuration.Config
2019-06-28 16:12:45.500+0000 INFO  [o.n.k.i.DiagnosticsManager] org.neo4j.kernel.info.DiagnosticsManager
2019-06-28 16:12:45.500+0000 INFO  [o.n.k.i.DiagnosticsManager] SYSTEM_MEMORY
2019-06-28 16:12:45.500+0000 INFO  [o.n.k.i.DiagnosticsManager] JAVA_MEMORY
2019-06-28 16:12:45.501+0000 INFO  [o.n.k.i.DiagnosticsManager] OPERATING_SYSTEM
2019-06-28 16:12:45.502+0000 INFO  [o.n.k.i.DiagnosticsManager] JAVA_VIRTUAL_MACHINE
2019-06-28 16:12:45.502+0000 INFO  [o.n.k.i.DiagnosticsManager] CLASSPATH
2019-06-28 16:12:45.502+0000 INFO  [o.n.k.i.DiagnosticsManager] LIBRARY_PATH
2019-06-28 16:12:45.502+0000 INFO  [o.n.k.i.DiagnosticsManager] SYSTEM_PROPERTIES
2019-06-28 16:12:45.502+0000 INFO  [o.n.k.i.DiagnosticsManager] NETWORK
2019-06-28 16:12:45.502+0000 INFO  [o.n.k.i.DiagnosticsManager] System memory information:
2019-06-28 16:12:45.505+0000 INFO  [o.n.k.i.DiagnosticsManager] Total Physical memory: 15,67 GB
2019-06-28 16:12:45.506+0000 INFO  [o.n.k.i.DiagnosticsManager] Free Physical memory: 9,56 GB
2019-06-28 16:12:45.506+0000 INFO  [o.n.k.i.DiagnosticsManager] Committed virtual memory: 348,75 MB
2019-06-28 16:12:45.506+0000 INFO  [o.n.k.i.DiagnosticsManager] Total swap space: 31,67 GB
2019-06-28 16:12:45.507+0000 INFO  [o.n.k.i.DiagnosticsManager] Free swap space: 23,18 GB
2019-06-28 16:12:45.507+0000 INFO  [o.n.k.i.DiagnosticsManager] JVM memory information:
2019-06-28 16:12:45.507+0000 INFO  [o.n.k.i.DiagnosticsManager] Free  memory: 187,56 MB
2019-06-28 16:12:45.507+0000 INFO  [o.n.k.i.DiagnosticsManager] Total memory: 252,00 MB
2019-06-28 16:12:45.507+0000 INFO  [o.n.k.i.DiagnosticsManager] Max   memory: 3,92 GB
2019-06-28 16:12:45.510+0000 INFO  [o.n.k.i.DiagnosticsManager] Garbage Collector: G1 Young Generation: [G1 Eden Space, G1 Survivor Space]
2019-06-28 16:12:45.510+0000 INFO  [o.n.k.i.DiagnosticsManager] Garbage Collector: G1 Old Generation: [G1 Eden Space, G1 Survivor Space, G1 Old Gen]
2019-06-28 16:12:45.511+0000 INFO  [o.n.k.i.DiagnosticsManager] Memory Pool: Code Cache (Non-heap memory): committed=3,50 MB, used=3,49 MB, max=240,00 MB, threshold=0,00 B
2019-06-28 16:12:45.512+0000 INFO  [o.n.k.i.DiagnosticsManager] Memory Pool: Metaspace (Non-heap memory): committed=12,50 MB, used=12,22 MB, max=-1,00 B, threshold=0,00 B
2019-06-28 16:12:45.513+0000 INFO  [o.n.k.i.DiagnosticsManager] Memory Pool: Compressed Class Space (Non-heap memory): committed=1,75 MB, used=1,65 MB, max=1,00 GB, threshold=0,00 B
2019-06-28 16:12:45.513+0000 INFO  [o.n.k.i.DiagnosticsManager] Memory Pool: G1 Eden Space (Heap memory): committed=32,00 MB, used=1,00 MB, max=-1,00 B, threshold=?
2019-06-28 16:12:45.514+0000 INFO  [o.n.k.i.DiagnosticsManager] Memory Pool: G1 Survivor Space (Heap memory): committed=3,00 MB, used=3,00 MB, max=-1,00 B, threshold=?
2019-06-28 16:12:45.514+0000 INFO  [o.n.k.i.DiagnosticsManager] Memory Pool: G1 Old Gen (Heap memory): committed=217,00 MB, used=60,44 MB, max=3,92 GB, threshold=0,00 B
2019-06-28 16:12:45.514+0000 INFO  [o.n.k.i.DiagnosticsManager] Operating system information:
2019-06-28 16:12:45.516+0000 INFO  [o.n.k.i.DiagnosticsManager] Operating System: Windows 10; version: 10.0; arch: amd64; cpus: 4
2019-06-28 16:12:45.524+0000 INFO  [o.n.k.i.DiagnosticsManager] Process id: 14944@jah16sy-PC
2019-06-28 16:12:45.525+0000 INFO  [o.n.k.i.DiagnosticsManager] Byte order: LITTLE_ENDIAN
2019-06-28 16:12:45.525+0000 INFO  [o.n.k.i.DiagnosticsManager] Local timezone: Europe/Berlin
2019-06-28 16:12:45.525+0000 INFO  [o.n.k.i.DiagnosticsManager] JVM information:
2019-06-28 16:12:45.525+0000 INFO  [o.n.k.i.DiagnosticsManager] VM Name: Java HotSpot(TM) 64-Bit Server VM
2019-06-28 16:12:45.525+0000 INFO  [o.n.k.i.DiagnosticsManager] VM Vendor: Oracle Corporation
2019-06-28 16:12:45.525+0000 INFO  [o.n.k.i.DiagnosticsManager] VM Version: 25.151-b12
2019-06-28 16:12:45.526+0000 INFO  [o.n.k.i.DiagnosticsManager] JIT compiler: HotSpot 64-Bit Tiered Compilers
2019-06-28 16:12:45.526+0000 INFO  [o.n.k.i.DiagnosticsManager] VM Arguments: [-Dorg.neo4j.server.properties=conf/neo4j-server.properties, -Dlog4j.configuration=file:conf/log4j.properties, -XX:+UseG1GC, -XX:-OmitStackTraceInFastThrow, -XX:hashCode=5, -Dneo4j.ext.udc.source=zip]
2019-06-28 16:12:45.527+0000 INFO  [o.n.k.i.DiagnosticsManager] Java classpath:
2019-06-28 16:12:45.536+0000 INFO  [o.n.k.i.DiagnosticsManager]  [classpath + loader.0] file:/C:/Users/jah16sy/Downloads/neo4j-community-2.3.12-windows/neo4j-community-2.3.12/system/lib/jetty-webapp-9.2.9.v20150224.jar
2019-06-28 16:12:45.536+0000 INFO  [o.n.k.i.DiagnosticsManager]  [classpath + loader.0] file:/C:/Users/jah16sy/Downloads/neo4j-community-2.3.12-windows/neo4j-community-2.3.12/system/lib/jetty-http-9.2.9.v20150224.jar
2019-06-28 16:12:45.536+0000 INFO  [o.n.k.i.DiagnosticsManager]  [classpath + loader.0] file:/C:/Users/jah16sy/Downloads/neo4j-community-2.3.12-windows/neo4j-community-2.3.12/system/lib/jetty-xml-9.2.9.v20150224.jar
2019-06-28 16:12:45.536+0000 INFO  [o.n.k.i.DiagnosticsManager]  [classpath + loader.0] file:/C:/Users/jah16sy/Downloads/neo4j-community-2.3.12-windows/neo4j-community-2.3.12/system/lib/neo4j-server-2.3.12.jar
2019-06-28 16:12:45.536+0000 INFO  [o.n.k.i.DiagnosticsManager]  [classpath + loader.0] file:/C:/Users/jah16sy/Downloads/neo4j-community-2.3.12-windows/neo4j-community-2.3.12/system/lib/jetty-security-9.2.9.v20150224.jar
2019-06-28 16:12:45.536+0000 INFO  [o.n.k.i.DiagnosticsManager]  [classpath + loader.0] file:/C:/Users/jah16sy/Downloads/neo4j-community-2.3.12-windows/neo4j-community-2.3.12/lib/server-api-2.3.12.jar
2019-06-28 16:12:45.536+0000 INFO  [o.n.k.i.DiagnosticsManager]  [classpath + loader.0] file:/C:/Users/jah16sy/Downloads/neo4j-community-2.3.12-windows/neo4j-community-2.3.12/lib/scala-reflect-2.11.7.jar
2019-06-28 16:12:45.536+0000 INFO  [o.n.k.i.DiagnosticsManager]  [classpath + loader.0] file:/C:/Users/jah16sy/Downloads/neo4j-community-2.3.12-windows/neo4j-community-2.3.12/lib/neo4j-cypher-compiler-1.9_2.11-2.0.5.jar
2019-06-28 16:12:45.536+0000 INFO  [o.n.k.i.DiagnosticsManager]  [classpath + loader.0] file:/C:/Users/jah16sy/Downloads/neo4j-community-2.3.12-windows/neo4j-community-2.3.12/lib/neo4j-import-tool-2.3.12.jar
2019-06-28 16:12:45.542+0000 INFO  [o.n.k.i.DiagnosticsManager]  [classpath + loader.0] file:/C:/Users/jah16sy/Downloads/neo4j-community-2.3.12-windows/neo4j-community-2.3.12/system/lib/asm-5.0.2.jar
2019-06-28 16:12:45.545+0000 INFO  [o.n.k.i.DiagnosticsManager]  [classpath + loader.0] file:/C:/Users/jah16sy/Downloads/neo4j-community-2.3.12-windows/neo4j-community-2.3.12/lib/commons-lang3-3.3.2.jar
2019-06-28 16:12:45.545+0000 INFO  [o.n.k.i.DiagnosticsManager]  [loader.0] file:/C:/Users/jah16sy/Downloads/neo4j-community-2.3.12-windows/neo4j-community-2.3.12/
2019-06-28 16:12:45.545+0000 INFO  [o.n.k.i.DiagnosticsManager]  [loader.1] file:/C:/Program%20Files/Java/jre1.8.0_151/lib/ext/jaccess.jar
2019-06-28 16:12:45.545+0000 INFO  [o.n.k.i.DiagnosticsManager]  [bootstrap] C:\Program Files\Java\jre1.8.0_151\lib\charsets.jar
2019-06-28 16:12:45.545+0000 INFO  [o.n.k.i.DiagnosticsManager]  [classpath + loader.0] file:/C:/Users/jah16sy/Downloads/neo4j-community-2.3.12-windows/neo4j-community-2.3.12/lib/neo4j-jmx-2.3.12.jar
2019-06-28 16:12:45.545+0000 INFO  [o.n.k.i.DiagnosticsManager]  [classpath + loader.0] file:/C:/Users/jah16sy/Downloads/neo4j-community-2.3.12-windows/neo4j-community-2.3.12/lib/neo4j-consistency-check-2.3.12.jar
2019-06-28 16:12:45.545+0000 INFO  [o.n.k.i.DiagnosticsManager]  [classpath + loader.0] file:/C:/Users/jah16sy/Downloads/neo4j-community-2.3.12-windows/neo4j-community-2.3.12/system/lib/jersey-server-1.19.jar
2019-06-28 16:12:45.545+0000 INFO  [o.n.k.i.DiagnosticsManager]  [classpath + loader.0] file:/C:/Users/jah16sy/Downloads/neo4j-community-2.3.12-windows/neo4j-community-2.3.12/system/lib/jetty-util-9.2.9.v20150224.jar
2019-06-28 16:12:45.545+0000 INFO  [o.n.k.i.DiagnosticsManager]  [classpath + loader.0] file:/C:/Users/jah16sy/Downloads/neo4j-community-2.3.12-windows/neo4j-community-2.3.12/system/lib/jackson-mapper-asl-1.9.13.jar
2019-06-28 16:12:45.545+0000 INFO  [o.n.k.i.DiagnosticsManager]  [classpath + loader.0] file:/C:/Users/jah16sy/Downloads/neo4j-community-2.3.12-windows/neo4j-community-2.3.12/lib/lucene-core-3.6.2.jar
2019-06-28 16:12:45.545+0000 INFO  [o.n.k.i.DiagnosticsManager]  [classpath + loader.0] file:/C:/Users/jah16sy/Downloads/neo4j-community-2.3.12-windows/neo4j-community-2.3.12/system/lib/jackson-jaxrs-1.9.13.jar
2019-06-28 16:12:45.545+0000 INFO  [o.n.k.i.DiagnosticsManager]  [classpath + loader.0] file:/C:/Users/jah16sy/Downloads/neo4j-community-2.3.12-windows/neo4j-community-2.3.12/lib/neo4j-logging-2.3.12.jar
2019-06-28 16:12:45.545+0000 INFO  [o.n.k.i.DiagnosticsManager]  [classpath + loader.0] file:/C:/Users/jah16sy/Downloads/neo4j-community-2.3.12-windows/neo4j-community-2.3.12/lib/scala-library-2.11.7.jar
2019-06-28 16:12:45.545+0000 INFO  [o.n.k.i.DiagnosticsManager]  [loader.1] file:/C:/Program%20Files/Java/jre1.8.0_151/lib/ext/sunpkcs11.jar
2019-06-28 16:12:45.545+0000 INFO  [o.n.k.i.DiagnosticsManager]  [classpath + loader.0] file:/C:/Users/jah16sy/Downloads/neo4j-community-2.3.12-windows/neo4j-community-2.3.12/lib/neo4j-primitive-collections-2.3.12.jar
2019-06-28 16:12:45.545+0000 INFO  [o.n.k.i.DiagnosticsManager]  [loader.1] file:/C:/Program%20Files/Java/jre1.8.0_151/lib/ext/zipfs.jar
2019-06-28 16:12:45.545+0000 INFO  [o.n.k.i.DiagnosticsManager]  [bootstrap] C:\Program Files\Java\jre1.8.0_151\lib\sunrsasign.jar
2019-06-28 16:12:45.545+0000 INFO  [o.n.k.i.DiagnosticsManager]  [classpath + loader.0] file:/C:/Users/jah16sy/Downloads/neo4j-community-2.3.12-windows/neo4j-community-2.3.12/system/lib/jersey-core-1.19.jar
2019-06-28 16:12:45.545+0000 INFO  [o.n.k.i.DiagnosticsManager]  [classpath + loader.0] file:/C:/Users/jah16sy/Downloads/neo4j-community-2.3.12-windows/neo4j-community-2.3.12/system/lib/neo4j-browser-2.3.11.jar
2019-06-28 16:12:45.545+0000 INFO  [o.n.k.i.DiagnosticsManager]  [bootstrap] C:\Program Files\Java\jre1.8.0_151\lib\jfr.jar
2019-06-28 16:12:45.545+0000 INFO  [o.n.k.i.DiagnosticsManager]  [classpath + loader.0] file:/C:/Users/jah16sy/Downloads/neo4j-community-2.3.12-windows/neo4j-community-2.3.12/system/lib/slf4j-api-1.7.6.jar
2019-06-28 16:12:45.545+0000 INFO  [o.n.k.i.DiagnosticsManager]  [classpath + loader.0] file:/C:/Users/jah16sy/Downloads/neo4j-community-2.3.12-windows/neo4j-community-2.3.12/lib/neo4j-lucene-index-2.3.12.jar
2019-06-28 16:12:45.545+0000 INFO  [o.n.k.i.DiagnosticsManager]  [loader.1] file:/C:/Program%20Files/Java/jre1.8.0_151/lib/ext/cldrdata.jar
2019-06-28 16:12:45.545+0000 INFO  [o.n.k.i.DiagnosticsManager]  [classpath + loader.0] file:/C:/Users/jah16sy/Downloads/neo4j-community-2.3.12-windows/neo4j-community-2.3.12/system/lib/javax.servlet-api-3.1.0.jar
2019-06-28 16:12:45.545+0000 INFO  [o.n.k.i.DiagnosticsManager]  [bootstrap] C:\Program Files\Java\jre1.8.0_151\lib\jsse.jar
2019-06-28 16:12:45.545+0000 INFO  [o.n.k.i.DiagnosticsManager]  [loader.1] file:/C:/Program%20Files/Java/jre1.8.0_151/lib/ext/sunec.jar
2019-06-28 16:12:45.545+0000 INFO  [o.n.k.i.DiagnosticsManager]  [classpath + loader.0] file:/C:/Users/jah16sy/Downloads/neo4j-community-2.3.12-windows/neo4j-community-2.3.12/system/lib/commons-digester-2.1.jar
2019-06-28 16:12:45.546+0000 INFO  [o.n.k.i.DiagnosticsManager]  [classpath + loader.0] file:/C:/Users/jah16sy/Downloads/neo4j-community-2.3.12-windows/neo4j-community-2.3.12/lib/neo4j-cypher-2.3.12.jar
2019-06-28 16:12:45.546+0000 INFO  [o.n.k.i.DiagnosticsManager]  [classpath + loader.0] file:/C:/Users/jah16sy/Downloads/neo4j-community-2.3.12-windows/neo4j-community-2.3.12/system/lib/bcprov-jdk15on-1.52.jar
2019-06-28 16:12:45.546+0000 INFO  [o.n.k.i.DiagnosticsManager]  [loader.1] file:/C:/Program%20Files/Java/jre1.8.0_151/lib/ext/nashorn.jar
2019-06-28 16:12:45.546+0000 INFO  [o.n.k.i.DiagnosticsManager]  [classpath + loader.0] file:/C:/Users/jah16sy/Downloads/neo4j-community-2.3.12-windows/neo4j-community-2.3.12/system/lib/mimepull-1.9.3.jar
2019-06-28 16:12:45.546+0000 INFO  [o.n.k.i.DiagnosticsManager]  [classpath + loader.0] file:/C:/Users/jah16sy/Downloads/neo4j-community-2.3.12-windows/neo4j-community-2.3.12/system/lib/commons-configuration-1.10.jar
2019-06-28 16:12:45.546+0000 INFO  [o.n.k.i.DiagnosticsManager]  [classpath + loader.0] file:/C:/Users/jah16sy/Downloads/neo4j-community-2.3.12-windows/neo4j-community-2.3.12/lib/neo4j-io-2.3.12.jar
2019-06-28 16:12:45.546+0000 INFO  [o.n.k.i.DiagnosticsManager]  [classpath + loader.0] file:/C:/Users/jah16sy/Downloads/neo4j-community-2.3.12-windows/neo4j-community-2.3.12/lib/parboiled-scala_2.11-1.1.7.jar
2019-06-28 16:12:45.546+0000 INFO  [o.n.k.i.DiagnosticsManager]  [classpath + loader.0] file:/C:/Users/jah16sy/Downloads/neo4j-community-2.3.12-windows/neo4j-community-2.3.12/system/lib/logback-access-1.1.2.jar
2019-06-28 16:12:45.546+0000 INFO  [o.n.k.i.DiagnosticsManager]  [classpath + loader.0] file:/C:/Users/jah16sy/Downloads/neo4j-community-2.3.12-windows/neo4j-community-2.3.12/lib/neo4j-csv-2.3.12.jar
2019-06-28 16:12:45.546+0000 INFO  [o.n.k.i.DiagnosticsManager]  [classpath + loader.0] file:/C:/Users/jah16sy/Downloads/neo4j-community-2.3.12-windows/neo4j-community-2.3.12/conf/
2019-06-28 16:12:45.546+0000 INFO  [o.n.k.i.DiagnosticsManager]  [classpath + loader.0] file:/C:/Users/jah16sy/Downloads/neo4j-community-2.3.12-windows/neo4j-community-2.3.12/system/lib/jersey-multipart-1.19.jar
2019-06-28 16:12:45.546+0000 INFO  [o.n.k.i.DiagnosticsManager]  [classpath + loader.0] file:/C:/Users/jah16sy/Downloads/neo4j-community-2.3.12-windows/neo4j-community-2.3.12/system/lib/jetty-servlet-9.2.9.v20150224.jar
2019-06-28 16:12:45.546+0000 INFO  [o.n.k.i.DiagnosticsManager]  [classpath + loader.0] file:/C:/Users/jah16sy/Downloads/neo4j-community-2.3.12-windows/neo4j-community-2.3.12/lib/neo4j-function-2.3.12.jar
2019-06-28 16:12:45.546+0000 INFO  [o.n.k.i.DiagnosticsManager]  [classpath + loader.0] file:/C:/Users/jah16sy/Downloads/neo4j-community-2.3.12-windows/neo4j-community-2.3.12/system/lib/logback-classic-1.1.2.jar
2019-06-28 16:12:45.546+0000 INFO  [o.n.k.i.DiagnosticsManager]  [bootstrap] C:\Program Files\Java\jre1.8.0_151\classes
2019-06-28 16:12:45.546+0000 INFO  [o.n.k.i.DiagnosticsManager]  [bootstrap] C:\Program Files\Java\jre1.8.0_151\lib\jce.jar
2019-06-28 16:12:45.546+0000 INFO  [o.n.k.i.DiagnosticsManager]  [bootstrap] C:\Program Files\Java\jre1.8.0_151\lib\rt.jar
2019-06-28 16:12:45.546+0000 INFO  [o.n.k.i.DiagnosticsManager]  [classpath + loader.0] file:/C:/Users/jah16sy/Downloads/neo4j-community-2.3.12-windows/neo4j-community-2.3.12/system/lib/neo4j-server-2.3.12-static-web.jar
2019-06-28 16:12:45.546+0000 INFO  [o.n.k.i.DiagnosticsManager]  [classpath + loader.0] file:/C:/Users/jah16sy/Downloads/neo4j-community-2.3.12-windows/neo4j-community-2.3.12/system/lib/jetty-server-9.2.9.v20150224.jar
2019-06-28 16:12:45.546+0000 INFO  [o.n.k.i.DiagnosticsManager]  [classpath + loader.0] file:/C:/Users/jah16sy/Downloads/neo4j-community-2.3.12-windows/neo4j-community-2.3.12/lib/opencsv-2.3.jar
2019-06-28 16:12:45.546+0000 INFO  [o.n.k.i.DiagnosticsManager]  [classpath + loader.0] file:/C:/Users/jah16sy/Downloads/neo4j-community-2.3.12-windows/neo4j-community-2.3.12/system/lib/commons-io-2.4.jar
2019-06-28 16:12:45.546+0000 INFO  [o.n.k.i.DiagnosticsManager]  [classpath + loader.0] file:/C:/Users/jah16sy/Downloads/neo4j-community-2.3.12-windows/neo4j-community-2.3.12/lib/concurrentlinkedhashmap-lru-1.4.2.jar
2019-06-28 16:12:45.546+0000 INFO  [o.n.k.i.DiagnosticsManager]  [classpath + loader.0] file:/C:/Users/jah16sy/Downloads/neo4j-community-2.3.12-windows/neo4j-community-2.3.12/lib/neo4j-cypher-compiler-2.3-2.3.12.jar
2019-06-28 16:12:45.546+0000 INFO  [o.n.k.i.DiagnosticsManager]  [classpath + loader.0] file:/C:/Users/jah16sy/Downloads/neo4j-community-2.3.12-windows/neo4j-community-2.3.12/system/lib/jersey-servlet-1.19.jar
2019-06-28 16:12:45.546+0000 INFO  [o.n.k.i.DiagnosticsManager]  [classpath + loader.0] file:/C:/Users/jah16sy/Downloads/neo4j-community-2.3.12-windows/neo4j-community-2.3.12/system/lib/commons-logging-1.1.1.jar
2019-06-28 16:12:45.546+0000 INFO  [o.n.k.i.DiagnosticsManager]  [classpath + loader.0] file:/C:/Users/jah16sy/Downloads/neo4j-community-2.3.12-windows/neo4j-community-2.3.12/system/lib/logback-core-1.1.2.jar
2019-06-28 16:12:45.546+0000 INFO  [o.n.k.i.DiagnosticsManager]  [classpath + loader.0] file:/C:/Users/jah16sy/Downloads/neo4j-community-2.3.12-windows/neo4j-community-2.3.12/lib/neo4j-graph-algo-2.3.12.jar
2019-06-28 16:12:45.546+0000 INFO  [o.n.k.i.DiagnosticsManager]  [loader.1] file:/C:/Program%20Files/Java/jre1.8.0_151/lib/ext/dnsns.jar
2019-06-28 16:12:45.547+0000 INFO  [o.n.k.i.DiagnosticsManager]  [loader.1] file:/C:/Program%20Files/Java/jre1.8.0_151/lib/ext/jfxrt.jar
2019-06-28 16:12:45.547+0000 INFO  [o.n.k.i.DiagnosticsManager]  [classpath + loader.0] file:/C:/Users/jah16sy/Downloads/neo4j-community-2.3.12-windows/neo4j-community-2.3.12/lib/neo4j-consistency-check-legacy-2.3.12.jar
2019-06-28 16:12:45.547+0000 INFO  [o.n.k.i.DiagnosticsManager]  [classpath + loader.0] file:/C:/Users/jah16sy/Downloads/neo4j-community-2.3.12-windows/neo4j-community-2.3.12/system/lib/commons-lang-2.6.jar
2019-06-28 16:12:45.547+0000 INFO  [o.n.k.i.DiagnosticsManager]  [classpath + loader.0] file:/C:/Users/jah16sy/Downloads/neo4j-community-2.3.12-windows/neo4j-community-2.3.12/system/lib/jetty-io-9.2.9.v20150224.jar
2019-06-28 16:12:45.547+0000 INFO  [o.n.k.i.DiagnosticsManager]  [classpath + loader.0] file:/C:/Users/jah16sy/Downloads/neo4j-community-2.3.12-windows/neo4j-community-2.3.12/system/lib/rhino-1.7R4.jar
2019-06-28 16:12:45.547+0000 INFO  [o.n.k.i.DiagnosticsManager]  [classpath + loader.0] file:/C:/Users/jah16sy/Downloads/neo4j-community-2.3.12-windows/neo4j-community-2.3.12/lib/neo4j-cypher-compiler-2.2_2.11-2.2.10.jar
2019-06-28 16:12:45.547+0000 INFO  [o.n.k.i.DiagnosticsManager]  [classpath + loader.0] file:/C:/Users/jah16sy/Downloads/neo4j-community-2.3.12-windows/neo4j-community-2.3.12/lib/neo4j-graph-matching-2.3.12.jar
2019-06-28 16:12:45.547+0000 INFO  [o.n.k.i.DiagnosticsManager]  [loader.1] file:/C:/Program%20Files/Java/jre1.8.0_151/lib/ext/access-bridge-64.jar
2019-06-28 16:12:45.547+0000 INFO  [o.n.k.i.DiagnosticsManager]  [bootstrap] C:\Program Files\Java\jre1.8.0_151\lib\resources.jar
2019-06-28 16:12:45.547+0000 INFO  [o.n.k.i.DiagnosticsManager]  [classpath + loader.0] file:/C:/Users/jah16sy/Downloads/neo4j-community-2.3.12-windows/neo4j-community-2.3.12/lib/scala-parser-combinators_2.11-1.0.4.jar
2019-06-28 16:12:45.547+0000 INFO  [o.n.k.i.DiagnosticsManager]  [loader.1] file:/C:/Program%20Files/Java/jre1.8.0_151/lib/ext/sunmscapi.jar
2019-06-28 16:12:45.547+0000 INFO  [o.n.k.i.DiagnosticsManager]  [classpath + loader.0] file:/C:/Users/jah16sy/Downloads/neo4j-community-2.3.12-windows/neo4j-community-2.3.12/lib/neo4j-udc-2.3.12.jar
2019-06-28 16:12:45.547+0000 INFO  [o.n.k.i.DiagnosticsManager]  [loader.1] file:/C:/Program%20Files/Java/jre1.8.0_151/lib/ext/localedata.jar
2019-06-28 16:12:45.547+0000 INFO  [o.n.k.i.DiagnosticsManager]  [classpath + loader.0] file:/C:/Users/jah16sy/Downloads/neo4j-community-2.3.12-windows/neo4j-community-2.3.12/system/lib/bcpkix-jdk15on-1.52.jar
2019-06-28 16:12:45.547+0000 INFO  [o.n.k.i.DiagnosticsManager]  [classpath + loader.0] file:/C:/Users/jah16sy/Downloads/neo4j-community-2.3.12-windows/neo4j-community-2.3.12/system/lib/netty-all-4.0.28.Final.jar
2019-06-28 16:12:45.547+0000 INFO  [o.n.k.i.DiagnosticsManager]  [classpath + loader.0] file:/C:/Users/jah16sy/Downloads/neo4j-community-2.3.12-windows/neo4j-community-2.3.12/lib/neo4j-codegen-2.3.12.jar
2019-06-28 16:12:45.547+0000 INFO  [o.n.k.i.DiagnosticsManager]  [classpath + loader.0] file:/C:/Users/jah16sy/Downloads/neo4j-community-2.3.12-windows/neo4j-community-2.3.12/lib/jline-2.12.jar
2019-06-28 16:12:45.547+0000 INFO  [o.n.k.i.DiagnosticsManager]  [classpath + loader.0] file:/C:/Users/jah16sy/Downloads/neo4j-community-2.3.12-windows/neo4j-community-2.3.12/lib/parboiled-core-1.1.7.jar
2019-06-28 16:12:45.547+0000 INFO  [o.n.k.i.DiagnosticsManager]  [classpath + loader.0] file:/C:/Users/jah16sy/Downloads/neo4j-community-2.3.12-windows/neo4j-community-2.3.12/lib/neo4j-unsafe-2.3.12.jar
2019-06-28 16:12:45.548+0000 INFO  [o.n.k.i.DiagnosticsManager]  [classpath + loader.0] file:/C:/Users/jah16sy/Downloads/neo4j-community-2.3.12-windows/neo4j-community-2.3.12/lib/neo4j-shell-2.3.12.jar
2019-06-28 16:12:45.548+0000 INFO  [o.n.k.i.DiagnosticsManager]  [classpath + loader.0] file:/C:/Users/jah16sy/Downloads/neo4j-community-2.3.12-windows/neo4j-community-2.3.12/system/lib/jsr311-api-1.1.2.r612.jar
2019-06-28 16:12:45.548+0000 INFO  [o.n.k.i.DiagnosticsManager]  [classpath + loader.0] file:/C:/Users/jah16sy/Downloads/neo4j-community-2.3.12-windows/neo4j-community-2.3.12/system/lib/jackson-core-asl-1.9.13.jar
2019-06-28 16:12:45.548+0000 INFO  [o.n.k.i.DiagnosticsManager]  [classpath + loader.0] file:/C:/Users/jah16sy/Downloads/neo4j-community-2.3.12-windows/neo4j-community-2.3.12/lib/neo4j-kernel-2.3.12.jar
2019-06-28 16:12:45.548+0000 INFO  [o.n.k.i.DiagnosticsManager]  [classpath + loader.0] file:/C:/Users/jah16sy/Downloads/neo4j-community-2.3.12-windows/neo4j-community-2.3.12/system/lib/commons-beanutils-1.8.3.jar
2019-06-28 16:12:45.548+0000 INFO  [o.n.k.i.DiagnosticsManager]  [classpath + loader.0] file:/C:/Users/jah16sy/Downloads/neo4j-community-2.3.12-windows/neo4j-community-2.3.12/system/lib/rrd4j-2.2.jar
2019-06-28 16:12:45.548+0000 INFO  [o.n.k.i.DiagnosticsManager]  [loader.1] file:/C:/Program%20Files/Java/jre1.8.0_151/lib/ext/sunjce_provider.jar
2019-06-28 16:12:45.548+0000 INFO  [o.n.k.i.DiagnosticsManager]  [classpath + loader.0] file:/C:/Users/jah16sy/Downloads/neo4j-community-2.3.12-windows/neo4j-community-2.3.12/lib/neo4j-cypher-frontend-2.3-2.3.12.jar
2019-06-28 16:12:45.548+0000 INFO  [o.n.k.i.DiagnosticsManager] Library path:
2019-06-28 16:12:45.548+0000 INFO  [o.n.k.i.DiagnosticsManager] C:\Program Files\Java\jre1.8.0_151\bin
2019-06-28 16:12:45.548+0000 INFO  [o.n.k.i.DiagnosticsManager] C:\Windows\Sun\Java\bin
2019-06-28 16:12:45.548+0000 INFO  [o.n.k.i.DiagnosticsManager] C:\Windows\System32
2019-06-28 16:12:45.548+0000 INFO  [o.n.k.i.DiagnosticsManager] C:\Windows
2019-06-28 16:12:45.548+0000 INFO  [o.n.k.i.DiagnosticsManager] C:\gurobi702\win64\bin
2019-06-28 16:12:45.548+0000 INFO  [o.n.k.i.DiagnosticsManager] C:\Python27
2019-06-28 16:12:45.548+0000 INFO  [o.n.k.i.DiagnosticsManager] C:\Python27\Scripts
2019-06-28 16:12:45.552+0000 INFO  [o.n.k.i.DiagnosticsManager] C:\ProgramData\Oracle\Java\javapath
2019-06-28 16:12:45.552+0000 INFO  [o.n.k.i.DiagnosticsManager] C:\Program Files (x86)\Intel\iCLS Client
2019-06-28 16:12:45.553+0000 INFO  [o.n.k.i.DiagnosticsManager] C:\Program Files\Intel\iCLS Client
2019-06-28 16:12:45.553+0000 INFO  [o.n.k.i.DiagnosticsManager] C:\Windows\System32
2019-06-28 16:12:45.553+0000 INFO  [o.n.k.i.DiagnosticsManager] C:\Windows
2019-06-28 16:12:45.554+0000 INFO  [o.n.k.i.DiagnosticsManager] C:\Windows\System32\wbem
2019-06-28 16:12:45.554+0000 INFO  [o.n.k.i.DiagnosticsManager] C:\Windows\System32\WindowsPowerShell\v1.0
2019-06-28 16:12:45.555+0000 INFO  [o.n.k.i.DiagnosticsManager] C:\Program Files (x86)\Intel\Intel(R) Management Engine Components\DAL
2019-06-28 16:12:45.556+0000 INFO  [o.n.k.i.DiagnosticsManager] C:\Program Files\Intel\Intel(R) Management Engine Components\DAL
2019-06-28 16:12:45.556+0000 INFO  [o.n.k.i.DiagnosticsManager] C:\Program Files (x86)\Intel\Intel(R) Management Engine Components\IPT
2019-06-28 16:12:45.557+0000 INFO  [o.n.k.i.DiagnosticsManager] C:\Program Files\Intel\Intel(R) Management Engine Components\IPT
2019-06-28 16:12:45.558+0000 INFO  [o.n.k.i.DiagnosticsManager] C:\Program Files\Git\cmd
2019-06-28 16:12:45.558+0000 INFO  [o.n.k.i.DiagnosticsManager] C:\novell\GroupWise
2019-06-28 16:12:45.558+0000 INFO  [o.n.k.i.DiagnosticsManager] C:\Program Files\Microsoft SQL Server\120\Tools\Binn
2019-06-28 16:12:45.559+0000 INFO  [o.n.k.i.DiagnosticsManager] C:\Program Files\Microsoft SQL Server\Client SDK\ODBC\110\Tools\Binn
2019-06-28 16:12:45.559+0000 INFO  [o.n.k.i.DiagnosticsManager] C:\Program Files (x86)\Microsoft SQL Server\120\Tools\Binn
2019-06-28 16:12:45.559+0000 INFO  [o.n.k.i.DiagnosticsManager] C:\Program Files\Microsoft SQL Server\120\DTS\Binn
2019-06-28 16:12:45.560+0000 INFO  [o.n.k.i.DiagnosticsManager] C:\Program Files (x86)\Microsoft SQL Server\120\DTS\Binn
2019-06-28 16:12:45.560+0000 INFO  [o.n.k.i.DiagnosticsManager] C:\Program Files (x86)\Windows Live\Shared
2019-06-28 16:12:45.561+0000 INFO  [o.n.k.i.DiagnosticsManager] C:\Program Files (x86)\scala\bin
2019-06-28 16:12:45.561+0000 INFO  [o.n.k.i.DiagnosticsManager] C:\Program Files (x86)\Microsoft SQL Server\110\Tools\Binn
2019-06-28 16:12:45.561+0000 INFO  [o.n.k.i.DiagnosticsManager] C:\Program Files\Microsoft SQL Server\110\Tools\Binn
2019-06-28 16:12:45.561+0000 INFO  [o.n.k.i.DiagnosticsManager] C:\Program Files\Microsoft SQL Server\110\DTS\Binn
2019-06-28 16:12:45.561+0000 INFO  [o.n.k.i.DiagnosticsManager] C:\Program Files (x86)\Skype\Phone
2019-06-28 16:12:45.561+0000 INFO  [o.n.k.i.DiagnosticsManager] C:\Program Files (x86)\Graphviz2.38\bin
2019-06-28 16:12:45.561+0000 INFO  [o.n.k.i.DiagnosticsManager] C:\Program Files (x86)\Calibre2
2019-06-28 16:12:45.561+0000 INFO  [o.n.k.i.DiagnosticsManager] C:\Windows\System32\OpenSSH
2019-06-28 16:12:45.561+0000 INFO  [o.n.k.i.DiagnosticsManager] C:\Windows\System32\config\systemprofile\.dnx\bin
2019-06-28 16:12:45.561+0000 INFO  [o.n.k.i.DiagnosticsManager] C:\Program Files\Microsoft DNX\Dnvm
2019-06-28 16:12:45.561+0000 INFO  [o.n.k.i.DiagnosticsManager] C:\Program Files (x86)\Windows Kits\10\Windows Performance Toolkit
2019-06-28 16:12:45.561+0000 INFO  [o.n.k.i.DiagnosticsManager] C:\Program Files\Intel\WiFi\bin
2019-06-28 16:12:45.565+0000 INFO  [o.n.k.i.DiagnosticsManager] C:\Program Files\Common Files\Intel\WirelessCommon
2019-06-28 16:12:45.565+0000 INFO  [o.n.k.i.DiagnosticsManager] C:\Python35_64bit\Scripts
2019-06-28 16:12:45.565+0000 INFO  [o.n.k.i.DiagnosticsManager] C:\Python35_64bit
2019-06-28 16:12:45.565+0000 INFO  [o.n.k.i.DiagnosticsManager] C:\Python35\Scripts
2019-06-28 16:12:45.565+0000 INFO  [o.n.k.i.DiagnosticsManager] C:\Python35
2019-06-28 16:12:45.565+0000 INFO  [o.n.k.i.DiagnosticsManager] C:\Program Files\Intel\WiFi\bin
2019-06-28 16:12:45.565+0000 INFO  [o.n.k.i.DiagnosticsManager] C:\Program Files\Common Files\Intel\WirelessCommon
2019-06-28 16:12:45.566+0000 INFO  [o.n.k.i.DiagnosticsManager] C:\Users\jah16sy\AppData\Local\Microsoft\WindowsApps
2019-06-28 16:12:45.566+0000 INFO  [o.n.k.i.DiagnosticsManager] C:\Users\jah16sy\AppData\Local\GitHubDesktop\bin
2019-06-28 16:12:45.566+0000 INFO  [o.n.k.i.DiagnosticsManager] C:\Users\jah16sy\Downloads\neo4j-community-2.3.12-windows\neo4j-community-2.3.12
2019-06-28 16:12:45.566+0000 INFO  [o.n.k.i.DiagnosticsManager] C:\Users\jah16sy\Downloads\neo4j-community-2.3.12-windows\neo4j-community-2.3.12
2019-06-28 16:12:45.566+0000 INFO  [o.n.k.i.DiagnosticsManager] System.properties:
2019-06-28 16:12:45.566+0000 INFO  [o.n.k.i.DiagnosticsManager] sun.boot.library.path = C:\Program Files\Java\jre1.8.0_151\bin
2019-06-28 16:12:45.566+0000 INFO  [o.n.k.i.DiagnosticsManager] org.neo4j.server.properties = conf/neo4j-server.properties
2019-06-28 16:12:45.566+0000 INFO  [o.n.k.i.DiagnosticsManager] path.separator = ;
2019-06-28 16:12:45.566+0000 INFO  [o.n.k.i.DiagnosticsManager] file.encoding.pkg = sun.io
2019-06-28 16:12:45.566+0000 INFO  [o.n.k.i.DiagnosticsManager] user.country = DE
2019-06-28 16:12:45.566+0000 INFO  [o.n.k.i.DiagnosticsManager] user.script = 
2019-06-28 16:12:45.566+0000 INFO  [o.n.k.i.DiagnosticsManager] sun.java.launcher = SUN_STANDARD
2019-06-28 16:12:45.566+0000 INFO  [o.n.k.i.DiagnosticsManager] sun.os.patch.level = 
2019-06-28 16:12:45.566+0000 INFO  [o.n.k.i.DiagnosticsManager] user.dir = C:\Users\jah16sy\DOWNLO~1\NEO4J-~1.12-\NEO4J-~1.12
2019-06-28 16:12:45.566+0000 INFO  [o.n.k.i.DiagnosticsManager] neo4j.ext.udc.source = zip
2019-06-28 16:12:45.566+0000 INFO  [o.n.k.i.DiagnosticsManager] user.variant = 
2019-06-28 16:12:45.566+0000 INFO  [o.n.k.i.DiagnosticsManager] log4j.configuration = file:conf/log4j.properties
2019-06-28 16:12:45.566+0000 INFO  [o.n.k.i.DiagnosticsManager] sun.jnu.encoding = Cp1252
2019-06-28 16:12:45.566+0000 INFO  [o.n.k.i.DiagnosticsManager] sun.management.compiler = HotSpot 64-Bit Tiered Compilers
2019-06-28 16:12:45.566+0000 INFO  [o.n.k.i.DiagnosticsManager] user.home = C:\Users\jah16sy
2019-06-28 16:12:45.566+0000 INFO  [o.n.k.i.DiagnosticsManager] user.timezone = Europe/Berlin
2019-06-28 16:12:45.566+0000 INFO  [o.n.k.i.DiagnosticsManager] file.encoding = Cp1252
2019-06-28 16:12:45.566+0000 INFO  [o.n.k.i.DiagnosticsManager] user.name = jah16sy
2019-06-28 16:12:45.568+0000 INFO  [o.n.k.i.DiagnosticsManager] sun.java.command = org.neo4j.server.CommunityBootstrapper
2019-06-28 16:12:45.568+0000 INFO  [o.n.k.i.DiagnosticsManager] sun.arch.data.model = 64
2019-06-28 16:12:45.568+0000 INFO  [o.n.k.i.DiagnosticsManager] user.language = de
2019-06-28 16:12:45.568+0000 INFO  [o.n.k.i.DiagnosticsManager] awt.toolkit = sun.awt.windows.WToolkit
2019-06-28 16:12:45.568+0000 INFO  [o.n.k.i.DiagnosticsManager] file.separator = \
2019-06-28 16:12:45.568+0000 INFO  [o.n.k.i.DiagnosticsManager] sun.io.unicode.encoding = UnicodeLittle
2019-06-28 16:12:45.568+0000 INFO  [o.n.k.i.DiagnosticsManager] sun.cpu.endian = little
2019-06-28 16:12:45.568+0000 INFO  [o.n.k.i.DiagnosticsManager] sun.desktop = windows
2019-06-28 16:12:45.568+0000 INFO  [o.n.k.i.DiagnosticsManager] sun.cpu.isalist = amd64
2019-06-28 16:12:45.568+0000 INFO  [o.n.k.i.DiagnosticsManager] Network information:
2019-06-28 16:12:45.676+0000 INFO  [o.n.k.i.DiagnosticsManager] Interface Software Loopback Interface 1:
2019-06-28 16:12:45.676+0000 INFO  [o.n.k.i.DiagnosticsManager]     address: 127.0.0.1
2019-06-28 16:12:45.676+0000 INFO  [o.n.k.i.DiagnosticsManager]     address: 0:0:0:0:0:0:0:1
2019-06-28 16:12:45.676+0000 INFO  [o.n.k.i.DiagnosticsManager] Interface WAN Miniport (PPPOE):
2019-06-28 16:12:45.676+0000 INFO  [o.n.k.i.DiagnosticsManager] Interface Microsoft 6to4 Adapter:
2019-06-28 16:12:45.677+0000 INFO  [o.n.k.i.DiagnosticsManager] Interface Microsoft Kernel Debug Network Adapter:
2019-06-28 16:12:45.677+0000 INFO  [o.n.k.i.DiagnosticsManager] Interface WAN Miniport (IPv6):
2019-06-28 16:12:45.677+0000 INFO  [o.n.k.i.DiagnosticsManager] Interface Microsoft Hosted Network Virtual Adapter:
2019-06-28 16:12:45.677+0000 INFO  [o.n.k.i.DiagnosticsManager] Interface Intel(R) Ethernet Connection I219-LM #2:
2019-06-28 16:12:45.677+0000 INFO  [o.n.k.i.DiagnosticsManager]     address: fe80:0:0:0:4584:59f0:c75e:4621%eth2
2019-06-28 16:12:45.677+0000 INFO  [o.n.k.i.DiagnosticsManager] Interface Microsoft IP-HTTPS Platform Adapter:
2019-06-28 16:12:45.677+0000 INFO  [o.n.k.i.DiagnosticsManager] Interface Cisco AnyConnect Secure Mobility Client Virtual Miniport Adapter for Windows x64:
2019-06-28 16:12:45.677+0000 INFO  [o.n.k.i.DiagnosticsManager] Interface Microsoft Virtual WiFi Miniport Adapter:
2019-06-28 16:12:45.677+0000 INFO  [o.n.k.i.DiagnosticsManager] Interface WAN Miniport (SSTP):
2019-06-28 16:12:45.677+0000 INFO  [o.n.k.i.DiagnosticsManager] Interface Bluetooth-Gerät (PAN):
2019-06-28 16:12:45.677+0000 INFO  [o.n.k.i.DiagnosticsManager] Interface WAN Miniport (L2TP):
2019-06-28 16:12:45.677+0000 INFO  [o.n.k.i.DiagnosticsManager] Interface WAN Miniport (IKEv2):
2019-06-28 16:12:45.677+0000 INFO  [o.n.k.i.DiagnosticsManager] Interface WAN Miniport (IP):
2019-06-28 16:12:45.677+0000 INFO  [o.n.k.i.DiagnosticsManager] Interface Microsoft Teredo Tunneling Adapter:
2019-06-28 16:12:45.677+0000 INFO  [o.n.k.i.DiagnosticsManager] Interface Microsoft Wi-Fi Direct Virtual Adapter #2:
2019-06-28 16:12:45.677+0000 INFO  [o.n.k.i.DiagnosticsManager]     address: fe80:0:0:0:7050:4fb4:3a19:f903%wlan2
2019-06-28 16:12:45.677+0000 INFO  [o.n.k.i.DiagnosticsManager] Interface Microsoft Wi-Fi Direct Virtual Adapter:
2019-06-28 16:12:45.677+0000 INFO  [o.n.k.i.DiagnosticsManager]     address: fe80:0:0:0:1905:e4a5:3934:f590%wlan3
2019-06-28 16:12:45.677+0000 INFO  [o.n.k.i.DiagnosticsManager] Interface WAN Miniport (Network Monitor):
2019-06-28 16:12:45.677+0000 INFO  [o.n.k.i.DiagnosticsManager] Interface Microsoft Virtual WiFi Miniport Adapter #3:
2019-06-28 16:12:45.677+0000 INFO  [o.n.k.i.DiagnosticsManager] Interface Intel(R) Ethernet Connection I219-LM:
2019-06-28 16:12:45.677+0000 INFO  [o.n.k.i.DiagnosticsManager] Interface WAN Miniport (PPTP):
2019-06-28 16:12:45.677+0000 INFO  [o.n.k.i.DiagnosticsManager] Interface Intel(R) Dual Band Wireless-AC 8260:
2019-06-28 16:12:45.677+0000 INFO  [o.n.k.i.DiagnosticsManager]     address: 192.168.0.13
2019-06-28 16:12:45.677+0000 INFO  [o.n.k.i.DiagnosticsManager]     address: fe80:0:0:0:10f0:8392:bd77:1e14%wlan5
2019-06-28 16:12:45.677+0000 INFO  [o.n.k.i.DiagnosticsManager] Interface Microsoft Virtual WiFi Miniport Adapter #2:
2019-06-28 16:12:45.677+0000 INFO  [o.n.k.i.DiagnosticsManager] Interface Intel(R) Ethernet Connection I219-LM #2-WFP Native MAC Layer LightWeight Filter-0000:
2019-06-28 16:12:45.677+0000 INFO  [o.n.k.i.DiagnosticsManager] Interface Intel(R) Ethernet Connection I219-LM #2-QoS Packet Scheduler-0000:
2019-06-28 16:12:45.677+0000 INFO  [o.n.k.i.DiagnosticsManager] Interface Intel(R) Ethernet Connection I219-LM #2-WFP 802.3 MAC Layer LightWeight Filter-0000:
2019-06-28 16:12:45.677+0000 INFO  [o.n.k.i.DiagnosticsManager] Interface Intel(R) Dual Band Wireless-AC 8260-WFP Native MAC Layer LightWeight Filter-0000:
2019-06-28 16:12:45.681+0000 INFO  [o.n.k.i.DiagnosticsManager] Interface Intel(R) Dual Band Wireless-AC 8260-Virtual WiFi Filter Driver-0000:
2019-06-28 16:12:45.681+0000 INFO  [o.n.k.i.DiagnosticsManager] Interface Intel(R) Dual Band Wireless-AC 8260-Native WiFi Filter Driver-0000:
2019-06-28 16:12:45.681+0000 INFO  [o.n.k.i.DiagnosticsManager] Interface Intel(R) Dual Band Wireless-AC 8260-QoS Packet Scheduler-0000:
2019-06-28 16:12:45.681+0000 INFO  [o.n.k.i.DiagnosticsManager] Interface Intel(R) Dual Band Wireless-AC 8260-WFP 802.3 MAC Layer LightWeight Filter-0000:
2019-06-28 16:12:45.681+0000 INFO  [o.n.k.i.DiagnosticsManager] Interface WAN Miniport (IP)-WFP Native MAC Layer LightWeight Filter-0000:
2019-06-28 16:12:45.681+0000 INFO  [o.n.k.i.DiagnosticsManager] Interface WAN Miniport (IP)-QoS Packet Scheduler-0000:
2019-06-28 16:12:45.681+0000 INFO  [o.n.k.i.DiagnosticsManager] Interface WAN Miniport (IPv6)-WFP Native MAC Layer LightWeight Filter-0000:
2019-06-28 16:12:45.681+0000 INFO  [o.n.k.i.DiagnosticsManager] Interface WAN Miniport (IPv6)-QoS Packet Scheduler-0000:
2019-06-28 16:12:45.681+0000 INFO  [o.n.k.i.DiagnosticsManager] Interface WAN Miniport (Network Monitor)-WFP Native MAC Layer LightWeight Filter-0000:
2019-06-28 16:12:45.681+0000 INFO  [o.n.k.i.DiagnosticsManager] Interface WAN Miniport (Network Monitor)-QoS Packet Scheduler-0000:
2019-06-28 16:12:45.681+0000 INFO  [o.n.k.i.DiagnosticsManager] Interface Microsoft Wi-Fi Direct Virtual Adapter-WFP Native MAC Layer LightWeight Filter-0000:
2019-06-28 16:12:45.681+0000 INFO  [o.n.k.i.DiagnosticsManager] Interface Microsoft Wi-Fi Direct Virtual Adapter-Native WiFi Filter Driver-0000:
2019-06-28 16:12:45.681+0000 INFO  [o.n.k.i.DiagnosticsManager] Interface Microsoft Wi-Fi Direct Virtual Adapter-QoS Packet Scheduler-0000:
2019-06-28 16:12:45.681+0000 INFO  [o.n.k.i.DiagnosticsManager] Interface Microsoft Wi-Fi Direct Virtual Adapter-WFP 802.3 MAC Layer LightWeight Filter-0000:
2019-06-28 16:12:45.681+0000 INFO  [o.n.k.i.DiagnosticsManager] Interface Microsoft Wi-Fi Direct Virtual Adapter #2-WFP Native MAC Layer LightWeight Filter-0000:
2019-06-28 16:12:45.681+0000 INFO  [o.n.k.i.DiagnosticsManager] Interface Microsoft Wi-Fi Direct Virtual Adapter #2-Native WiFi Filter Driver-0000:
2019-06-28 16:12:45.681+0000 INFO  [o.n.k.i.DiagnosticsManager] Interface Microsoft Wi-Fi Direct Virtual Adapter #2-QoS Packet Scheduler-0000:
2019-06-28 16:12:45.681+0000 INFO  [o.n.k.i.DiagnosticsManager] Interface Microsoft Wi-Fi Direct Virtual Adapter #2-WFP 802.3 MAC Layer LightWeight Filter-0000:
2019-06-28 16:12:45.681+0000 INFO  [o.n.k.i.DiagnosticsManager] --- INITIALIZED diagnostics END ---
2019-06-28 16:12:46.570+0000 INFO  [o.n.k.a.i.i.LuceneLabelScanStore] No lucene scan store index found, this might just be first use. Preparing to rebuild.
2019-06-28 16:12:46.751+0000 INFO  [o.n.k.NeoStoreDataSource] Opened logical log [C:\Users\jah16sy\Desktop\github\Legal KMS\REPO\legal_mining\databases\neostore.transaction.db.0] version=0, lastTxId=1 (clean)
2019-06-28 16:12:46.765+0000 WARN  [o.n.k.i.s.MetaDataStore] Missing counts store, rebuilding it.
2019-06-28 16:12:46.897+0000 INFO  [o.n.k.a.i.i.LuceneLabelScanStore] Rebuilding lucene scan store, this may take a while
2019-06-28 16:12:46.897+0000 INFO  [o.n.k.a.i.i.LuceneLabelScanStore] Lucene scan store rebuilt (roughly -1 nodes)
2019-06-28 16:12:46.907+0000 INFO  [o.n.k.KernelHealth] Kernel health set to OK
2019-06-28 16:12:48.398+0000 INFO  [o.n.k.AvailabilityGuard] Fulfilling of requirement makes database available: Database available
2019-06-28 16:12:48.399+0000 INFO  [o.n.k.i.f.CommunityFacadeFactory] Database is now ready
2019-06-28 16:12:48.400+0000 INFO  [o.n.k.i.DiagnosticsManager] --- STARTED diagnostics for KernelDiagnostics:Versions START ---
2019-06-28 16:12:48.400+0000 INFO  [o.n.k.i.DiagnosticsManager] Graph Database: Community StoreId{creationTime=1561738366336, randomId=5643035489497909537, storeVersion=15250506225055238, upgradeTime=1561738366336, upgradeId=1}
2019-06-28 16:12:48.400+0000 INFO  [o.n.k.i.DiagnosticsManager] Kernel version: 2.3.12,254a351c1c667e333486fecf4916f3d630989632
2019-06-28 16:12:48.400+0000 INFO  [o.n.k.i.DiagnosticsManager] --- STARTED diagnostics for KernelDiagnostics:Versions END ---
2019-06-28 16:12:48.403+0000 INFO  [o.n.k.i.DiagnosticsManager] --- STARTED diagnostics for NEO_STORE_VERSIONS START ---
2019-06-28 16:12:48.403+0000 INFO  [o.n.k.i.DiagnosticsManager] Store versions:
2019-06-28 16:12:48.403+0000 INFO  [o.n.k.i.DiagnosticsManager] Store versions:
2019-06-28 16:12:48.403+0000 INFO  [o.n.k.i.DiagnosticsManager] ArrayPropertyStore v0.A.6
2019-06-28 16:12:48.403+0000 INFO  [o.n.k.i.DiagnosticsManager] NodeStore v0.A.6
2019-06-28 16:12:48.403+0000 INFO  [o.n.k.i.DiagnosticsManager] StringPropertyStore v0.A.6
2019-06-28 16:12:48.403+0000 INFO  [o.n.k.i.DiagnosticsManager] PropertyIndexStore v0.A.6
2019-06-28 16:12:48.403+0000 INFO  [o.n.k.i.DiagnosticsManager] StringPropertyStore v0.A.6
2019-06-28 16:12:48.403+0000 INFO  [o.n.k.i.DiagnosticsManager] ArrayPropertyStore v0.A.6
2019-06-28 16:12:48.403+0000 INFO  [o.n.k.i.DiagnosticsManager] PropertyStore v0.A.6
2019-06-28 16:12:48.403+0000 INFO  [o.n.k.i.DiagnosticsManager] RelationshipStore v0.A.6
2019-06-28 16:12:48.403+0000 INFO  [o.n.k.i.DiagnosticsManager] StringPropertyStore v0.A.6
2019-06-28 16:12:48.407+0000 INFO  [o.n.k.i.DiagnosticsManager] RelationshipTypeStore v0.A.6
2019-06-28 16:12:48.407+0000 INFO  [o.n.k.i.DiagnosticsManager] StringPropertyStore v0.A.6
2019-06-28 16:12:48.407+0000 INFO  [o.n.k.i.DiagnosticsManager] LabelTokenStore v0.A.6
2019-06-28 16:12:48.407+0000 INFO  [o.n.k.i.DiagnosticsManager] SchemaStore v0.A.6
2019-06-28 16:12:48.408+0000 INFO  [o.n.k.i.DiagnosticsManager] RelationshipGroupStore v0.A.6
2019-06-28 16:12:48.408+0000 INFO  [o.n.k.i.DiagnosticsManager] NeoStore v0.A.6
2019-06-28 16:12:48.408+0000 INFO  [o.n.k.i.DiagnosticsManager] --- STARTED diagnostics for NEO_STORE_VERSIONS END ---
2019-06-28 16:12:48.408+0000 INFO  [o.n.k.i.DiagnosticsManager] --- STARTED diagnostics for NEO_STORE_ID_USAGE START ---
2019-06-28 16:12:48.408+0000 INFO  [o.n.k.i.DiagnosticsManager] Id usage:
2019-06-28 16:12:48.408+0000 INFO  [o.n.k.i.DiagnosticsManager] Id usage:
2019-06-28 16:12:48.409+0000 INFO  [o.n.k.i.DiagnosticsManager]   ArrayPropertyStore v0.A.6: used=1 high=0
2019-06-28 16:12:48.409+0000 INFO  [o.n.k.i.DiagnosticsManager]   NodeStore v0.A.6: used=0 high=-1
2019-06-28 16:12:48.410+0000 INFO  [o.n.k.i.DiagnosticsManager]   StringPropertyStore v0.A.6: used=1 high=0
2019-06-28 16:12:48.410+0000 INFO  [o.n.k.i.DiagnosticsManager]   PropertyIndexStore v0.A.6: used=0 high=-1
2019-06-28 16:12:48.410+0000 INFO  [o.n.k.i.DiagnosticsManager]   StringPropertyStore v0.A.6: used=1 high=0
2019-06-28 16:12:48.410+0000 INFO  [o.n.k.i.DiagnosticsManager]   ArrayPropertyStore v0.A.6: used=1 high=0
2019-06-28 16:12:48.410+0000 INFO  [o.n.k.i.DiagnosticsManager]   PropertyStore v0.A.6: used=0 high=-1
2019-06-28 16:12:48.412+0000 INFO  [o.n.k.i.DiagnosticsManager]   RelationshipStore v0.A.6: used=0 high=-1
2019-06-28 16:12:48.412+0000 INFO  [o.n.k.i.DiagnosticsManager]   StringPropertyStore v0.A.6: used=1 high=0
2019-06-28 16:12:48.412+0000 INFO  [o.n.k.i.DiagnosticsManager]   RelationshipTypeStore v0.A.6: used=0 high=-1
2019-06-28 16:12:48.413+0000 INFO  [o.n.k.i.DiagnosticsManager]   StringPropertyStore v0.A.6: used=1 high=0
2019-06-28 16:12:48.413+0000 INFO  [o.n.k.i.DiagnosticsManager]   LabelTokenStore v0.A.6: used=0 high=-1
2019-06-28 16:12:48.413+0000 INFO  [o.n.k.i.DiagnosticsManager]   SchemaStore v0.A.6: used=1 high=0
2019-06-28 16:12:48.413+0000 INFO  [o.n.k.i.DiagnosticsManager]   RelationshipGroupStore v0.A.6: used=1 high=0
2019-06-28 16:12:48.414+0000 INFO  [o.n.k.i.DiagnosticsManager]   NeoStore v0.A.6: used=15 high=14
2019-06-28 16:12:48.414+0000 INFO  [o.n.k.i.DiagnosticsManager] --- STARTED diagnostics for NEO_STORE_ID_USAGE END ---
2019-06-28 16:12:48.414+0000 INFO  [o.n.k.i.DiagnosticsManager] --- STARTED diagnostics for NEO_STORE_RECORDS START ---
2019-06-28 16:12:48.414+0000 INFO  [o.n.k.i.DiagnosticsManager] Neostore records:
2019-06-28 16:12:48.414+0000 INFO  [o.n.k.i.DiagnosticsManager] TIME (Creation time): 1561738366336
2019-06-28 16:12:48.414+0000 INFO  [o.n.k.i.DiagnosticsManager] RANDOM_NUMBER (Random number for store id): 5643035489497909537
2019-06-28 16:12:48.414+0000 INFO  [o.n.k.i.DiagnosticsManager] LOG_VERSION (Current log version): 0
2019-06-28 16:12:48.416+0000 INFO  [o.n.k.i.DiagnosticsManager] LAST_TRANSACTION_ID (Last committed transaction): 1
2019-06-28 16:12:48.416+0000 INFO  [o.n.k.i.DiagnosticsManager] STORE_VERSION (Store format version): 15250506225055238
2019-06-28 16:12:48.416+0000 INFO  [o.n.k.i.DiagnosticsManager] FIRST_GRAPH_PROPERTY (First property record containing graph properties): -1
2019-06-28 16:12:48.416+0000 INFO  [o.n.k.i.DiagnosticsManager] LAST_CONSTRAINT_TRANSACTION (Last committed transaction containing constraint changes): 0
2019-06-28 16:12:48.417+0000 INFO  [o.n.k.i.DiagnosticsManager] UPGRADE_TRANSACTION_ID (Transaction id most recent upgrade was performed at): 1
2019-06-28 16:12:48.417+0000 INFO  [o.n.k.i.DiagnosticsManager] UPGRADE_TIME (Time of last upgrade): 1561738366336
2019-06-28 16:12:48.417+0000 INFO  [o.n.k.i.DiagnosticsManager] LAST_TRANSACTION_CHECKSUM (Checksum of last committed transaction): 0
2019-06-28 16:12:48.417+0000 INFO  [o.n.k.i.DiagnosticsManager] UPGRADE_TRANSACTION_CHECKSUM (Checksum of transaction id the most recent upgrade was performed at): 0
2019-06-28 16:12:48.417+0000 INFO  [o.n.k.i.DiagnosticsManager] LAST_CLOSED_TRANSACTION_LOG_VERSION (Log version where the last transaction commit entry has been written into): 0
2019-06-28 16:12:48.417+0000 INFO  [o.n.k.i.DiagnosticsManager] LAST_CLOSED_TRANSACTION_LOG_BYTE_OFFSET (Byte offset in the log file where the last transaction commit entry has been written into): 16
2019-06-28 16:12:48.417+0000 INFO  [o.n.k.i.DiagnosticsManager] LAST_TRANSACTION_COMMIT_TIMESTAMP (Commit time timestamp for last committed transaction): 0
2019-06-28 16:12:48.417+0000 INFO  [o.n.k.i.DiagnosticsManager] UPGRADE_TRANSACTION_COMMIT_TIMESTAMP (Commit timestamp of transaction the most recent upgrade was performed at): 0
2019-06-28 16:12:48.417+0000 INFO  [o.n.k.i.DiagnosticsManager] --- STARTED diagnostics for NEO_STORE_RECORDS END ---
2019-06-28 16:12:48.417+0000 INFO  [o.n.k.i.DiagnosticsManager] --- STARTED diagnostics for TRANSACTION_RANGE START ---
2019-06-28 16:12:48.419+0000 INFO  [o.n.k.i.DiagnosticsManager] Transaction log:
2019-06-28 16:12:48.421+0000 INFO  [o.n.k.i.DiagnosticsManager] No transactions found in any log
2019-06-28 16:12:48.421+0000 INFO  [o.n.k.i.DiagnosticsManager] --- STARTED diagnostics for TRANSACTION_RANGE END ---
2019-06-28 16:12:48.422+0000 INFO  [o.n.k.i.DiagnosticsManager] --- STARTED diagnostics for KernelDiagnostics:StoreFiles START ---
2019-06-28 16:12:48.426+0000 INFO  [o.n.k.i.DiagnosticsManager] Disk space on partition (Total / Free / Free %): 485253705728 / 102314328064 / 21
Storage files: (filename : modification date - size)
2019-06-28 16:12:48.429+0000 INFO  [o.n.k.i.DiagnosticsManager]   database.db:
2019-06-28 16:12:48.434+0000 INFO  [o.n.k.i.DiagnosticsManager]     .DS_Store: 2017-12-19T11:02:10+0100 - 6,00 kB
2019-06-28 16:12:48.435+0000 INFO  [o.n.k.i.DiagnosticsManager]     ._.DS_Store: 2017-12-19T11:03:14+0100 - 4,00 kB
2019-06-28 16:12:48.436+0000 INFO  [o.n.k.i.DiagnosticsManager]     ._certificates: 2017-12-19T11:03:14+0100 - 4,00 kB
2019-06-28 16:12:48.436+0000 INFO  [o.n.k.i.DiagnosticsManager]     ._data: 2017-12-19T11:03:14+0100 - 4,00 kB
2019-06-28 16:12:48.437+0000 INFO  [o.n.k.i.DiagnosticsManager]     ._logs: 2017-12-19T11:03:14+0100 - 4,00 kB
2019-06-28 16:12:48.437+0000 INFO  [o.n.k.i.DiagnosticsManager]     ._neostore: 2017-12-19T11:03:16+0100 - 4,00 kB
2019-06-28 16:12:48.438+0000 INFO  [o.n.k.i.DiagnosticsManager]     ._neostore.counts.db.a: 2017-12-19T11:03:16+0100 - 4,00 kB
2019-06-28 16:12:48.438+0000 INFO  [o.n.k.i.DiagnosticsManager]     ._neostore.counts.db.b: 2017-12-19T11:03:16+0100 - 4,00 kB
2019-06-28 16:12:48.439+0000 INFO  [o.n.k.i.DiagnosticsManager]     ._neostore.id: 2017-12-19T11:03:16+0100 - 4,00 kB
2019-06-28 16:12:48.439+0000 INFO  [o.n.k.i.DiagnosticsManager]     ._neostore.labeltokenstore.db: 2017-12-19T11:03:16+0100 - 4,00 kB
2019-06-28 16:12:48.441+0000 INFO  [o.n.k.i.DiagnosticsManager]     ._neostore.labeltokenstore.db.id: 2017-12-19T11:03:16+0100 - 4,00 kB
2019-06-28 16:12:48.442+0000 INFO  [o.n.k.i.DiagnosticsManager]     ._neostore.labeltokenstore.db.names: 2017-12-19T11:03:16+0100 - 4,00 kB
2019-06-28 16:12:48.443+0000 INFO  [o.n.k.i.DiagnosticsManager]     ._neostore.labeltokenstore.db.names.id: 2017-12-19T11:03:16+0100 - 4,00 kB
2019-06-28 16:12:48.444+0000 INFO  [o.n.k.i.DiagnosticsManager]     ._neostore.nodestore.db: 2017-12-19T11:03:16+0100 - 4,00 kB
2019-06-28 16:12:48.444+0000 INFO  [o.n.k.i.DiagnosticsManager]     ._neostore.nodestore.db.id: 2017-12-19T11:03:16+0100 - 4,00 kB
2019-06-28 16:12:48.445+0000 INFO  [o.n.k.i.DiagnosticsManager]     ._neostore.nodestore.db.labels: 2017-12-19T11:03:16+0100 - 4,00 kB
2019-06-28 16:12:48.446+0000 INFO  [o.n.k.i.DiagnosticsManager]     ._neostore.nodestore.db.labels.id: 2017-12-19T11:03:16+0100 - 4,00 kB
2019-06-28 16:12:48.446+0000 INFO  [o.n.k.i.DiagnosticsManager]     ._neostore.propertystore.db: 2017-12-19T11:03:16+0100 - 4,00 kB
2019-06-28 16:12:48.446+0000 INFO  [o.n.k.i.DiagnosticsManager]     ._neostore.propertystore.db.arrays: 2017-12-19T11:03:16+0100 - 4,00 kB
2019-06-28 16:12:48.448+0000 INFO  [o.n.k.i.DiagnosticsManager]     ._neostore.propertystore.db.arrays.id: 2017-12-19T11:03:16+0100 - 4,00 kB
2019-06-28 16:12:48.448+0000 INFO  [o.n.k.i.DiagnosticsManager]     ._neostore.propertystore.db.id: 2017-12-19T11:03:16+0100 - 4,00 kB
2019-06-28 16:12:48.449+0000 INFO  [o.n.k.i.DiagnosticsManager]     ._neostore.propertystore.db.index: 2017-12-19T11:03:16+0100 - 4,00 kB
2019-06-28 16:12:48.449+0000 INFO  [o.n.k.i.DiagnosticsManager]     ._neostore.propertystore.db.index.id: 2017-12-19T11:03:16+0100 - 4,00 kB
2019-06-28 16:12:48.449+0000 INFO  [o.n.k.i.DiagnosticsManager]     ._neostore.propertystore.db.index.keys: 2017-12-19T11:03:16+0100 - 4,00 kB
2019-06-28 16:12:48.449+0000 INFO  [o.n.k.i.DiagnosticsManager]     ._neostore.propertystore.db.index.keys.id: 2017-12-19T11:03:16+0100 - 4,00 kB
2019-06-28 16:12:48.450+0000 INFO  [o.n.k.i.DiagnosticsManager]     ._neostore.propertystore.db.strings: 2017-12-19T11:03:16+0100 - 4,00 kB
2019-06-28 16:12:48.450+0000 INFO  [o.n.k.i.DiagnosticsManager]     ._neostore.propertystore.db.strings.id: 2017-12-19T11:03:16+0100 - 4,00 kB
2019-06-28 16:12:48.450+0000 INFO  [o.n.k.i.DiagnosticsManager]     ._neostore.relationshipgroupstore.db: 2017-12-19T11:03:16+0100 - 4,00 kB
2019-06-28 16:12:48.452+0000 INFO  [o.n.k.i.DiagnosticsManager]     ._neostore.relationshipgroupstore.db.id: 2017-12-19T11:03:16+0100 - 4,00 kB
2019-06-28 16:12:48.452+0000 INFO  [o.n.k.i.DiagnosticsManager]     ._neostore.relationshipstore.db: 2017-12-19T11:03:16+0100 - 4,00 kB
2019-06-28 16:12:48.453+0000 INFO  [o.n.k.i.DiagnosticsManager]     ._neostore.relationshipstore.db.id: 2017-12-19T11:03:16+0100 - 4,00 kB
2019-06-28 16:12:48.453+0000 INFO  [o.n.k.i.DiagnosticsManager]     ._neostore.relationshiptypestore.db: 2017-12-19T11:03:16+0100 - 4,00 kB
2019-06-28 16:12:48.454+0000 INFO  [o.n.k.i.DiagnosticsManager]     ._neostore.relationshiptypestore.db.id: 2017-12-19T11:03:16+0100 - 4,00 kB
2019-06-28 16:12:48.454+0000 INFO  [o.n.k.i.DiagnosticsManager]     ._neostore.relationshiptypestore.db.names: 2017-12-19T11:03:16+0100 - 4,00 kB
2019-06-28 16:12:48.455+0000 INFO  [o.n.k.i.DiagnosticsManager]     ._neostore.relationshiptypestore.db.names.id: 2017-12-19T11:03:16+0100 - 4,00 kB
2019-06-28 16:12:48.455+0000 INFO  [o.n.k.i.DiagnosticsManager]     ._neostore.schemastore.db: 2017-12-19T11:03:16+0100 - 4,00 kB
2019-06-28 16:12:48.455+0000 INFO  [o.n.k.i.DiagnosticsManager]     ._neostore.schemastore.db.id: 2017-12-19T11:03:20+0100 - 4,00 kB
2019-06-28 16:12:48.455+0000 INFO  [o.n.k.i.DiagnosticsManager]     ._neostore.transaction.db.0: 2017-12-19T11:03:20+0100 - 4,00 kB
2019-06-28 16:12:48.455+0000 INFO  [o.n.k.i.DiagnosticsManager]     ._neostore.transaction.db.1: 2017-12-19T11:03:30+0100 - 4,00 kB
2019-06-28 16:12:48.455+0000 INFO  [o.n.k.i.DiagnosticsManager]     ._schema: 2017-12-19T11:03:34+0100 - 4,00 kB
2019-06-28 16:12:48.455+0000 INFO  [o.n.k.i.DiagnosticsManager]     ._store_lock: 2017-12-19T11:03:36+0100 - 4,00 kB
2019-06-28 16:12:48.459+0000 INFO  [o.n.k.i.DiagnosticsManager]     certificates:
2019-06-28 16:12:48.459+0000 INFO  [o.n.k.i.DiagnosticsManager]       ._neo4j.cert: 2017-12-19T11:03:14+0100 - 4,00 kB
2019-06-28 16:12:48.460+0000 INFO  [o.n.k.i.DiagnosticsManager]       ._neo4j.key: 2017-12-19T11:03:14+0100 - 4,00 kB
2019-06-28 16:12:48.460+0000 INFO  [o.n.k.i.DiagnosticsManager]       neo4j.cert: 2016-10-02T11:35:14+0200 - 631,00 B
2019-06-28 16:12:48.461+0000 INFO  [o.n.k.i.DiagnosticsManager]       neo4j.key: 2016-10-02T11:35:14+0200 - 916,00 B
2019-06-28 16:12:48.461+0000 INFO  [o.n.k.i.DiagnosticsManager]     - Total: 2019-06-28T17:17:34+0200 - 9,51 kB
2019-06-28 16:12:48.462+0000 INFO  [o.n.k.i.DiagnosticsManager]     data:
2019-06-28 16:12:48.462+0000 INFO  [o.n.k.i.DiagnosticsManager]       ._dbms: 2017-12-19T11:03:14+0100 - 4,00 kB
2019-06-28 16:12:48.463+0000 INFO  [o.n.k.i.DiagnosticsManager]       dbms:
2019-06-28 16:12:48.463+0000 INFO  [o.n.k.i.DiagnosticsManager]         ._auth: 2017-12-19T11:03:14+0100 - 4,00 kB
2019-06-28 16:12:48.465+0000 INFO  [o.n.k.i.DiagnosticsManager]         auth: 2016-10-02T11:35:14+0200 - 113,00 B
2019-06-28 16:12:48.465+0000 INFO  [o.n.k.i.DiagnosticsManager]       - Total: 2019-06-28T17:17:34+0200 - 4,11 kB
2019-06-28 16:12:48.466+0000 INFO  [o.n.k.i.DiagnosticsManager]     - Total: 2019-06-28T17:17:34+0200 - 8,11 kB
2019-06-28 16:12:48.466+0000 INFO  [o.n.k.i.DiagnosticsManager]     index:
2019-06-28 16:12:48.467+0000 INFO  [o.n.k.i.DiagnosticsManager]     - Total: 2019-02-12T16:53:35+0100 - 0,00 B
2019-06-28 16:12:48.467+0000 INFO  [o.n.k.i.DiagnosticsManager]     logs:
2019-06-28 16:12:48.467+0000 INFO  [o.n.k.i.DiagnosticsManager]       ._debug.log.2: 2017-12-19T11:03:14+0100 - 4,00 kB
2019-06-28 16:12:48.467+0000 INFO  [o.n.k.i.DiagnosticsManager]       debug.log: 2019-06-28T17:46:27+0200 - 12,54 MB
2019-06-28 16:12:48.467+0000 INFO  [o.n.k.i.DiagnosticsManager]       debug.log.1: 2017-11-13T13:28:22+0100 - 20,00 MB
2019-06-28 16:12:48.469+0000 INFO  [o.n.k.i.DiagnosticsManager]       debug.log.2: 2017-11-03T11:22:46+0100 - 20,00 MB
2019-06-28 16:12:48.469+0000 INFO  [o.n.k.i.DiagnosticsManager]     - Total: 2019-06-28T17:17:34+0200 - 52,55 MB
2019-06-28 16:12:48.469+0000 INFO  [o.n.k.i.DiagnosticsManager]     neostore: 2017-12-18T17:25:12+0100 - 8,00 kB
2019-06-28 16:12:48.470+0000 INFO  [o.n.k.i.DiagnosticsManager]     neostore.counts.db.a: 2017-12-18T17:10:10+0100 - 1,06 kB
2019-06-28 16:12:48.470+0000 INFO  [o.n.k.i.DiagnosticsManager]     neostore.counts.db.b: 2017-12-18T17:25:12+0100 - 1,06 kB
2019-06-28 16:12:48.470+0000 INFO  [o.n.k.i.DiagnosticsManager]     neostore.id: 2017-12-18T22:09:30+0100 - 9,00 B
2019-06-28 16:12:48.470+0000 INFO  [o.n.k.i.DiagnosticsManager]     neostore.labelscanstore.db: 2017-12-18T22:09:30+0100 - 104,00 kB
2019-06-28 16:12:48.472+0000 INFO  [o.n.k.i.DiagnosticsManager]     neostore.labeltokenstore.db: 2017-10-17T11:23:10+0200 - 8,00 kB
2019-06-28 16:12:48.472+0000 INFO  [o.n.k.i.DiagnosticsManager]     neostore.labeltokenstore.db.id: 2017-12-18T22:09:30+0100 - 9,00 B
2019-06-28 16:12:48.472+0000 INFO  [o.n.k.i.DiagnosticsManager]     neostore.labeltokenstore.db.names: 2017-10-17T11:23:10+0200 - 8,00 kB
2019-06-28 16:12:48.473+0000 INFO  [o.n.k.i.DiagnosticsManager]     neostore.labeltokenstore.db.names.id: 2017-12-18T22:09:30+0100 - 9,00 B
2019-06-28 16:12:48.473+0000 INFO  [o.n.k.i.DiagnosticsManager]     neostore.nodestore.db: 2017-12-18T17:25:12+0100 - 775,81 kB
2019-06-28 16:12:48.473+0000 INFO  [o.n.k.i.DiagnosticsManager]     neostore.nodestore.db.id: 2017-12-18T22:09:30+0100 - 17,00 B
2019-06-28 16:12:48.473+0000 INFO  [o.n.k.i.DiagnosticsManager]     neostore.nodestore.db.labels: 2016-10-02T11:35:14+0200 - 8,00 kB
2019-06-28 16:12:48.474+0000 INFO  [o.n.k.i.DiagnosticsManager]     neostore.nodestore.db.labels.id: 2017-12-18T22:09:30+0100 - 9,00 B
2019-06-28 16:12:48.474+0000 INFO  [o.n.k.i.DiagnosticsManager]     neostore.propertystore.db: 2017-10-18T15:00:06+0200 - 11,43 MB
2019-06-28 16:12:48.474+0000 INFO  [o.n.k.i.DiagnosticsManager]     neostore.propertystore.db.arrays: 2016-10-02T11:35:14+0200 - 8,00 kB
2019-06-28 16:12:48.474+0000 INFO  [o.n.k.i.DiagnosticsManager]     neostore.propertystore.db.arrays.id: 2017-12-18T22:09:30+0100 - 9,00 B
2019-06-28 16:12:48.474+0000 INFO  [o.n.k.i.DiagnosticsManager]     neostore.propertystore.db.id: 2017-12-18T22:09:30+0100 - 9,00 B
2019-06-28 16:12:48.474+0000 INFO  [o.n.k.i.DiagnosticsManager]     neostore.propertystore.db.index: 2017-10-17T16:15:34+0200 - 8,00 kB
2019-06-28 16:12:48.474+0000 INFO  [o.n.k.i.DiagnosticsManager]     neostore.propertystore.db.index.id: 2017-12-18T22:09:30+0100 - 9,00 B
2019-06-28 16:12:48.474+0000 INFO  [o.n.k.i.DiagnosticsManager]     neostore.propertystore.db.index.keys: 2017-10-17T16:15:34+0200 - 8,00 kB
2019-06-28 16:12:48.478+0000 INFO  [o.n.k.i.DiagnosticsManager]     neostore.propertystore.db.index.keys.id: 2017-12-18T22:09:30+0100 - 9,00 B
2019-06-28 16:12:48.478+0000 INFO  [o.n.k.i.DiagnosticsManager]     neostore.propertystore.db.strings: 2016-10-02T11:35:14+0200 - 10,35 MB
2019-06-28 16:12:48.478+0000 INFO  [o.n.k.i.DiagnosticsManager]     neostore.propertystore.db.strings.id: 2017-12-18T22:09:30+0100 - 9,00 B
2019-06-28 16:12:48.478+0000 INFO  [o.n.k.i.DiagnosticsManager]     neostore.relationshipgroupstore.db: 2016-10-02T11:35:14+0200 - 15,97 kB
2019-06-28 16:12:48.478+0000 INFO  [o.n.k.i.DiagnosticsManager]     neostore.relationshipgroupstore.db.id: 2017-12-18T22:09:30+0100 - 9,00 B
2019-06-28 16:12:48.478+0000 INFO  [o.n.k.i.DiagnosticsManager]     neostore.relationshipstore.db: 2017-12-18T17:25:12+0100 - 7,20 MB
2019-06-28 16:12:48.478+0000 INFO  [o.n.k.i.DiagnosticsManager]     neostore.relationshipstore.db.id: 2017-12-18T22:09:30+0100 - 9,00 B
2019-06-28 16:12:48.478+0000 INFO  [o.n.k.i.DiagnosticsManager]     neostore.relationshiptypestore.db: 2017-10-18T12:45:24+0200 - 8,00 kB
2019-06-28 16:12:48.483+0000 INFO  [o.n.k.i.DiagnosticsManager]     neostore.relationshiptypestore.db.id: 2017-12-18T22:09:30+0100 - 9,00 B
2019-06-28 16:12:48.483+0000 INFO  [o.n.k.i.DiagnosticsManager]     neostore.relationshiptypestore.db.names: 2017-10-18T12:45:26+0200 - 8,00 kB
2019-06-28 16:12:48.483+0000 INFO  [o.n.k.i.DiagnosticsManager]     neostore.relationshiptypestore.db.names.id: 2017-12-18T22:09:30+0100 - 9,00 B
2019-06-28 16:12:48.483+0000 INFO  [o.n.k.i.DiagnosticsManager]     neostore.schemastore.db: 2017-10-17T16:15:34+0200 - 8,00 kB
2019-06-28 16:12:48.483+0000 INFO  [o.n.k.i.DiagnosticsManager]     neostore.schemastore.db.id: 2017-12-18T22:09:30+0100 - 9,00 B
2019-06-28 16:12:48.483+0000 INFO  [o.n.k.i.DiagnosticsManager]     neostore.transaction.db.0: 2016-10-02T11:35:14+0200 - 250,00 MB
2019-06-28 16:12:48.483+0000 INFO  [o.n.k.i.DiagnosticsManager]     neostore.transaction.db.1: 2017-12-18T22:09:30+0100 - 89,49 MB
2019-06-28 16:12:48.483+0000 INFO  [o.n.k.i.DiagnosticsManager]     schema:
2019-06-28 16:12:48.487+0000 INFO  [o.n.k.i.DiagnosticsManager]       .DS_Store: 2017-12-19T11:02:10+0100 - 6,00 kB
2019-06-28 16:12:48.487+0000 INFO  [o.n.k.i.DiagnosticsManager]       ._.DS_Store: 2017-12-19T11:03:34+0100 - 4,00 kB
2019-06-28 16:12:48.487+0000 INFO  [o.n.k.i.DiagnosticsManager]       ._index: 2017-12-19T11:03:34+0100 - 4,00 kB
2019-06-28 16:12:48.487+0000 INFO  [o.n.k.i.DiagnosticsManager]       ._label: 2017-12-19T11:03:36+0100 - 4,00 kB
2019-06-28 16:12:48.487+0000 INFO  [o.n.k.i.DiagnosticsManager]       index:
2019-06-28 16:12:48.488+0000 INFO  [o.n.k.i.DiagnosticsManager]         .DS_Store: 2017-12-19T11:02:10+0100 - 6,00 kB
2019-06-28 16:12:48.489+0000 INFO  [o.n.k.i.DiagnosticsManager]         ._.DS_Store: 2017-12-19T11:03:34+0100 - 4,00 kB
2019-06-28 16:12:48.489+0000 INFO  [o.n.k.i.DiagnosticsManager]         ._lucene: 2017-12-19T11:03:34+0100 - 4,00 kB
2019-06-28 16:12:48.489+0000 INFO  [o.n.k.i.DiagnosticsManager]         lucene:
2019-06-28 16:12:48.490+0000 INFO  [o.n.k.i.DiagnosticsManager]           .DS_Store: 2017-12-19T11:02:10+0100 - 6,00 kB
2019-06-28 16:12:48.490+0000 INFO  [o.n.k.i.DiagnosticsManager]           ._.DS_Store: 2017-12-19T11:03:34+0100 - 4,00 kB
2019-06-28 16:12:48.490+0000 INFO  [o.n.k.i.DiagnosticsManager]           ._1: 2017-12-19T11:03:34+0100 - 4,00 kB
2019-06-28 16:12:48.491+0000 INFO  [o.n.k.i.DiagnosticsManager]           ._2: 2017-12-19T11:03:36+0100 - 4,00 kB
2019-06-28 16:12:48.491+0000 INFO  [o.n.k.i.DiagnosticsManager]           ._3: 2017-12-19T11:03:36+0100 - 4,00 kB
2019-06-28 16:12:48.491+0000 INFO  [o.n.k.i.DiagnosticsManager]           1:
2019-06-28 16:12:48.492+0000 INFO  [o.n.k.i.DiagnosticsManager]             ._1: 2017-12-19T11:03:34+0100 - 4,00 kB
2019-06-28 16:12:48.492+0000 INFO  [o.n.k.i.DiagnosticsManager]             ._failure-message: 2017-12-19T11:03:34+0100 - 4,00 kB
2019-06-28 16:12:48.493+0000 INFO  [o.n.k.i.DiagnosticsManager]             1:
2019-06-28 16:12:48.493+0000 INFO  [o.n.k.i.DiagnosticsManager]               .__0.cfe: 2017-12-19T11:03:34+0100 - 4,00 kB
2019-06-28 16:12:48.493+0000 INFO  [o.n.k.i.DiagnosticsManager]               .__0.cfs: 2017-12-19T11:03:34+0100 - 4,00 kB
2019-06-28 16:12:48.494+0000 INFO  [o.n.k.i.DiagnosticsManager]               .__0.si: 2017-12-19T11:03:34+0100 - 4,00 kB
2019-06-28 16:12:48.494+0000 INFO  [o.n.k.i.DiagnosticsManager]               .__1.cfe: 2017-12-19T11:03:34+0100 - 4,00 kB
2019-06-28 16:12:48.495+0000 INFO  [o.n.k.i.DiagnosticsManager]               .__1.cfs: 2017-12-19T11:03:34+0100 - 4,00 kB
2019-06-28 16:12:48.495+0000 INFO  [o.n.k.i.DiagnosticsManager]               .__1.si: 2017-12-19T11:03:34+0100 - 4,00 kB
2019-06-28 16:12:48.495+0000 INFO  [o.n.k.i.DiagnosticsManager]               ._write.lock: 2017-12-19T11:03:34+0100 - 4,00 kB
2019-06-28 16:12:48.496+0000 INFO  [o.n.k.i.DiagnosticsManager]               _0.cfe: 2016-10-02T11:35:14+0200 - 417,00 B
2019-06-28 16:12:48.496+0000 INFO  [o.n.k.i.DiagnosticsManager]               _0.cfs: 2016-10-02T11:35:14+0200 - 297,54 kB
2019-06-28 16:12:48.496+0000 INFO  [o.n.k.i.DiagnosticsManager]               _0.si: 2016-10-02T11:35:14+0200 - 359,00 B
2019-06-28 16:12:48.496+0000 INFO  [o.n.k.i.DiagnosticsManager]               _1.cfe: 2016-10-02T11:35:14+0200 - 417,00 B
2019-06-28 16:12:48.497+0000 INFO  [o.n.k.i.DiagnosticsManager]               _1.cfs: 2016-10-02T11:35:14+0200 - 125,29 kB
2019-06-28 16:12:48.497+0000 INFO  [o.n.k.i.DiagnosticsManager]               _1.si: 2016-10-02T11:35:14+0200 - 359,00 B
2019-06-28 16:12:48.497+0000 INFO  [o.n.k.i.DiagnosticsManager]               segments_19: 2017-12-18T22:09:30+0100 - 213,00 B
2019-06-28 16:12:48.498+0000 INFO  [o.n.k.i.DiagnosticsManager]               write.lock: 2016-10-02T11:35:14+0200 - 0,00 B
2019-06-28 16:12:48.498+0000 INFO  [o.n.k.i.DiagnosticsManager]             - Total: 2019-06-28T17:17:35+0200 - 452,56 kB
2019-06-28 16:12:48.499+0000 INFO  [o.n.k.i.DiagnosticsManager]             failure-message: 2016-10-02T11:35:14+0200 - 16,00 kB
2019-06-28 16:12:48.499+0000 INFO  [o.n.k.i.DiagnosticsManager]           - Total: 2019-06-28T17:17:35+0200 - 476,56 kB
2019-06-28 16:12:48.499+0000 INFO  [o.n.k.i.DiagnosticsManager]           14:
2019-06-28 16:12:48.499+0000 INFO  [o.n.k.i.DiagnosticsManager]             1:
2019-06-28 16:12:48.499+0000 INFO  [o.n.k.i.DiagnosticsManager]               segments_14: 2017-12-18T22:09:30+0100 - 86,00 B
2019-06-28 16:12:48.499+0000 INFO  [o.n.k.i.DiagnosticsManager]               write.lock: 2017-10-17T11:23:00+0200 - 0,00 B
2019-06-28 16:12:48.499+0000 INFO  [o.n.k.i.DiagnosticsManager]             - Total: 2019-06-28T17:17:35+0200 - 86,00 B
2019-06-28 16:12:48.499+0000 INFO  [o.n.k.i.DiagnosticsManager]             failure-message: 2017-10-17T11:23:00+0200 - 16,00 kB
2019-06-28 16:12:48.499+0000 INFO  [o.n.k.i.DiagnosticsManager]           - Total: 2019-06-28T17:17:35+0200 - 16,08 kB
2019-06-28 16:12:48.499+0000 INFO  [o.n.k.i.DiagnosticsManager]           19:
2019-06-28 16:12:48.503+0000 INFO  [o.n.k.i.DiagnosticsManager]             1:
2019-06-28 16:12:48.504+0000 INFO  [o.n.k.i.DiagnosticsManager]               segments_14: 2017-12-18T22:09:30+0100 - 86,00 B
2019-06-28 16:12:48.504+0000 INFO  [o.n.k.i.DiagnosticsManager]               write.lock: 2017-10-17T11:23:00+0200 - 0,00 B
2019-06-28 16:12:48.505+0000 INFO  [o.n.k.i.DiagnosticsManager]             - Total: 2019-06-28T17:17:35+0200 - 86,00 B
2019-06-28 16:12:48.505+0000 INFO  [o.n.k.i.DiagnosticsManager]             failure-message: 2017-10-17T11:23:00+0200 - 16,00 kB
2019-06-28 16:12:48.505+0000 INFO  [o.n.k.i.DiagnosticsManager]           - Total: 2019-06-28T17:17:35+0200 - 16,08 kB
2019-06-28 16:12:48.505+0000 INFO  [o.n.k.i.DiagnosticsManager]           2:
2019-06-28 16:12:48.505+0000 INFO  [o.n.k.i.DiagnosticsManager]             .DS_Store: 2017-12-19T11:02:10+0100 - 6,00 kB
2019-06-28 16:12:48.505+0000 INFO  [o.n.k.i.DiagnosticsManager]             ._.DS_Store: 2017-12-19T11:03:36+0100 - 4,00 kB
2019-06-28 16:12:48.512+0000 INFO  [o.n.k.i.DiagnosticsManager]             ._1: 2017-12-19T11:03:36+0100 - 4,00 kB
2019-06-28 16:12:48.512+0000 INFO  [o.n.k.i.DiagnosticsManager]             ._failure-message: 2017-12-19T11:03:36+0100 - 4,00 kB
2019-06-28 16:12:48.514+0000 INFO  [o.n.k.i.DiagnosticsManager]             1:
2019-06-28 16:12:48.514+0000 INFO  [o.n.k.i.DiagnosticsManager]               .__2.cfe: 2017-12-19T11:03:36+0100 - 4,00 kB
2019-06-28 16:12:48.515+0000 INFO  [o.n.k.i.DiagnosticsManager]               .__2.cfs: 2017-12-19T11:03:36+0100 - 4,00 kB
2019-06-28 16:12:48.515+0000 INFO  [o.n.k.i.DiagnosticsManager]               .__2.si: 2017-12-19T11:03:36+0100 - 4,00 kB
2019-06-28 16:12:48.515+0000 INFO  [o.n.k.i.DiagnosticsManager]               ._write.lock: 2017-12-19T11:03:36+0100 - 4,00 kB
2019-06-28 16:12:48.515+0000 INFO  [o.n.k.i.DiagnosticsManager]               _2.cfe: 2016-10-02T11:35:14+0200 - 417,00 B
2019-06-28 16:12:48.515+0000 INFO  [o.n.k.i.DiagnosticsManager]               _2.cfs: 2016-10-02T11:35:14+0200 - 1,12 MB
2019-06-28 16:12:48.515+0000 INFO  [o.n.k.i.DiagnosticsManager]               _2.si: 2016-10-02T11:35:14+0200 - 396,00 B
2019-06-28 16:12:48.515+0000 INFO  [o.n.k.i.DiagnosticsManager]               segments_1a: 2017-12-18T22:09:30+0100 - 151,00 B
2019-06-28 16:12:48.515+0000 INFO  [o.n.k.i.DiagnosticsManager]               write.lock: 2016-10-02T11:35:14+0200 - 0,00 B
2019-06-28 16:12:48.515+0000 INFO  [o.n.k.i.DiagnosticsManager]             - Total: 2019-06-28T17:17:35+0200 - 1,14 MB
2019-06-28 16:12:48.515+0000 INFO  [o.n.k.i.DiagnosticsManager]             failure-message: 2016-10-02T11:35:14+0200 - 16,00 kB
2019-06-28 16:12:48.515+0000 INFO  [o.n.k.i.DiagnosticsManager]           - Total: 2019-06-28T17:17:35+0200 - 1,17 MB
2019-06-28 16:12:48.515+0000 INFO  [o.n.k.i.DiagnosticsManager]           24:
2019-06-28 16:12:48.515+0000 INFO  [o.n.k.i.DiagnosticsManager]             1:
2019-06-28 16:12:48.519+0000 INFO  [o.n.k.i.DiagnosticsManager]               _5.cfe: 2017-10-18T15:00:06+0200 - 305,00 B
2019-06-28 16:12:48.519+0000 INFO  [o.n.k.i.DiagnosticsManager]               _5.cfs: 2017-10-18T15:00:06+0200 - 1,37 kB
2019-06-28 16:12:48.519+0000 INFO  [o.n.k.i.DiagnosticsManager]               _5.si: 2017-10-18T15:00:06+0200 - 398,00 B
2019-06-28 16:12:48.519+0000 INFO  [o.n.k.i.DiagnosticsManager]               segments_12: 2017-12-18T22:09:30+0100 - 151,00 B
2019-06-28 16:12:48.519+0000 INFO  [o.n.k.i.DiagnosticsManager]               write.lock: 2017-10-17T16:07:28+0200 - 0,00 B
2019-06-28 16:12:48.519+0000 INFO  [o.n.k.i.DiagnosticsManager]             - Total: 2019-06-28T17:17:35+0200 - 2,20 kB
2019-06-28 16:12:48.521+0000 INFO  [o.n.k.i.DiagnosticsManager]             failure-message: 2017-10-17T16:07:28+0200 - 16,00 kB
2019-06-28 16:12:48.521+0000 INFO  [o.n.k.i.DiagnosticsManager]           - Total: 2019-06-28T17:17:35+0200 - 18,20 kB
2019-06-28 16:12:48.521+0000 INFO  [o.n.k.i.DiagnosticsManager]           3:
2019-06-28 16:12:48.522+0000 INFO  [o.n.k.i.DiagnosticsManager]             ._1: 2017-12-19T11:03:36+0100 - 4,00 kB
2019-06-28 16:12:48.522+0000 INFO  [o.n.k.i.DiagnosticsManager]             ._failure-message: 2017-12-19T11:03:36+0100 - 4,00 kB
2019-06-28 16:12:48.522+0000 INFO  [o.n.k.i.DiagnosticsManager]             1:
2019-06-28 16:12:48.523+0000 INFO  [o.n.k.i.DiagnosticsManager]               .__0.cfe: 2017-12-19T11:03:36+0100 - 4,00 kB
2019-06-28 16:12:48.523+0000 INFO  [o.n.k.i.DiagnosticsManager]               .__0.cfs: 2017-12-19T11:03:36+0100 - 4,00 kB
2019-06-28 16:12:48.523+0000 INFO  [o.n.k.i.DiagnosticsManager]               .__0.si: 2017-12-19T11:03:36+0100 - 4,00 kB
2019-06-28 16:12:48.523+0000 INFO  [o.n.k.i.DiagnosticsManager]               ._write.lock: 2017-12-19T11:03:36+0100 - 4,00 kB
2019-06-28 16:12:48.523+0000 INFO  [o.n.k.i.DiagnosticsManager]               _0.cfe: 2016-10-02T11:35:14+0200 - 417,00 B
2019-06-28 16:12:48.523+0000 INFO  [o.n.k.i.DiagnosticsManager]               _0.cfs: 2016-10-02T11:35:14+0200 - 8,79 kB
2019-06-28 16:12:48.523+0000 INFO  [o.n.k.i.DiagnosticsManager]               _0.si: 2016-10-02T11:35:14+0200 - 359,00 B
2019-06-28 16:12:48.523+0000 INFO  [o.n.k.i.DiagnosticsManager]               segments_19: 2017-12-18T22:09:30+0100 - 151,00 B
2019-06-28 16:12:48.523+0000 INFO  [o.n.k.i.DiagnosticsManager]               write.lock: 2016-10-02T11:35:14+0200 - 0,00 B
2019-06-28 16:12:48.523+0000 INFO  [o.n.k.i.DiagnosticsManager]             - Total: 2019-06-28T17:17:35+0200 - 25,70 kB
2019-06-28 16:12:48.523+0000 INFO  [o.n.k.i.DiagnosticsManager]             failure-message: 2016-10-02T11:35:14+0200 - 16,00 kB
2019-06-28 16:12:48.527+0000 INFO  [o.n.k.i.DiagnosticsManager]           - Total: 2019-06-28T17:17:35+0200 - 49,70 kB
2019-06-28 16:12:48.527+0000 INFO  [o.n.k.i.DiagnosticsManager]           4:
2019-06-28 16:12:48.528+0000 INFO  [o.n.k.i.DiagnosticsManager]             1:
2019-06-28 16:12:48.528+0000 INFO  [o.n.k.i.DiagnosticsManager]               segments_14: 2017-12-18T22:09:30+0100 - 86,00 B
2019-06-28 16:12:48.528+0000 INFO  [o.n.k.i.DiagnosticsManager]               write.lock: 2017-10-17T11:22:58+0200 - 0,00 B
2019-06-28 16:12:48.529+0000 INFO  [o.n.k.i.DiagnosticsManager]             - Total: 2019-06-28T17:17:35+0200 - 86,00 B
2019-06-28 16:12:48.529+0000 INFO  [o.n.k.i.DiagnosticsManager]             failure-message: 2017-10-17T11:22:58+0200 - 16,00 kB
2019-06-28 16:12:48.530+0000 INFO  [o.n.k.i.DiagnosticsManager]           - Total: 2019-06-28T17:17:35+0200 - 16,08 kB
2019-06-28 16:12:48.530+0000 INFO  [o.n.k.i.DiagnosticsManager]           9:
2019-06-28 16:12:48.530+0000 INFO  [o.n.k.i.DiagnosticsManager]             1:
2019-06-28 16:12:48.531+0000 INFO  [o.n.k.i.DiagnosticsManager]               segments_14: 2017-12-18T22:09:30+0100 - 86,00 B
2019-06-28 16:12:48.531+0000 INFO  [o.n.k.i.DiagnosticsManager]               write.lock: 2017-10-17T11:23:00+0200 - 0,00 B
2019-06-28 16:12:48.531+0000 INFO  [o.n.k.i.DiagnosticsManager]             - Total: 2019-06-28T17:17:35+0200 - 86,00 B
2019-06-28 16:12:48.533+0000 INFO  [o.n.k.i.DiagnosticsManager]             failure-message: 2017-10-17T11:23:00+0200 - 16,00 kB
2019-06-28 16:12:48.533+0000 INFO  [o.n.k.i.DiagnosticsManager]           - Total: 2019-06-28T17:17:35+0200 - 16,08 kB
2019-06-28 16:12:48.533+0000 INFO  [o.n.k.i.DiagnosticsManager]         - Total: 2019-06-28T17:17:35+0200 - 1,79 MB
2019-06-28 16:12:48.533+0000 INFO  [o.n.k.i.DiagnosticsManager]       - Total: 2019-06-28T17:17:34+0200 - 1,80 MB
2019-06-28 16:12:48.534+0000 INFO  [o.n.k.i.DiagnosticsManager]       label:
2019-06-28 16:12:48.534+0000 INFO  [o.n.k.i.DiagnosticsManager]         ._lucene: 2017-12-19T11:03:36+0100 - 4,00 kB
2019-06-28 16:12:48.534+0000 INFO  [o.n.k.i.DiagnosticsManager]         lucene:
2019-06-28 16:12:48.535+0000 INFO  [o.n.k.i.DiagnosticsManager]         - Total: 2019-02-12T16:53:36+0100 - 0,00 B
2019-06-28 16:12:48.535+0000 INFO  [o.n.k.i.DiagnosticsManager]       - Total: 2019-06-28T17:17:35+0200 - 4,00 kB
2019-06-28 16:12:48.535+0000 INFO  [o.n.k.i.DiagnosticsManager]     - Total: 2019-06-28T17:17:35+0200 - 1,82 MB
2019-06-28 16:12:48.535+0000 INFO  [o.n.k.i.DiagnosticsManager]     store_lock: 2016-10-02T11:35:14+0200 - 0,00 B
2019-06-28 16:12:48.535+0000 INFO  [o.n.k.i.DiagnosticsManager]   - Total: 2019-06-28T17:17:34+0200 - 423,98 MB
2019-06-28 16:12:48.535+0000 INFO  [o.n.k.i.DiagnosticsManager]   index:
2019-06-28 16:12:48.535+0000 INFO  [o.n.k.i.DiagnosticsManager]   - Total: 2019-06-28T18:12:46+0200 - 0,00 B
2019-06-28 16:12:48.535+0000 INFO  [o.n.k.i.DiagnosticsManager]   messages.log: 2019-06-28T18:12:47+0200 - 72,49 kB
2019-06-28 16:12:48.535+0000 INFO  [o.n.k.i.DiagnosticsManager]   neostore: 2019-06-28T18:12:46+0200 - 8,00 kB
2019-06-28 16:12:48.535+0000 INFO  [o.n.k.i.DiagnosticsManager]   neostore.counts.db.a: 2019-06-28T18:12:46+0200 - 96,00 B
2019-06-28 16:12:48.535+0000 INFO  [o.n.k.i.DiagnosticsManager]   neostore.id: 2019-06-28T18:12:46+0200 - 9,00 B
2019-06-28 16:12:48.535+0000 INFO  [o.n.k.i.DiagnosticsManager]   neostore.labeltokenstore.db: 2019-06-28T18:12:46+0200 - 0,00 B
2019-06-28 16:12:48.535+0000 INFO  [o.n.k.i.DiagnosticsManager]   neostore.labeltokenstore.db.id: 2019-06-28T18:12:46+0200 - 9,00 B
2019-06-28 16:12:48.535+0000 INFO  [o.n.k.i.DiagnosticsManager]   neostore.labeltokenstore.db.names: 2019-06-28T18:12:46+0200 - 8,00 kB
2019-06-28 16:12:48.539+0000 INFO  [o.n.k.i.DiagnosticsManager]   neostore.labeltokenstore.db.names.id: 2019-06-28T18:12:46+0200 - 9,00 B
2019-06-28 16:12:48.539+0000 INFO  [o.n.k.i.DiagnosticsManager]   neostore.nodestore.db: 2019-06-28T18:12:45+0200 - 0,00 B
2019-06-28 16:12:48.539+0000 INFO  [o.n.k.i.DiagnosticsManager]   neostore.nodestore.db.id: 2019-06-28T18:12:46+0200 - 9,00 B
2019-06-28 16:12:48.540+0000 INFO  [o.n.k.i.DiagnosticsManager]   neostore.nodestore.db.labels: 2019-06-28T18:12:45+0200 - 8,00 kB
2019-06-28 16:12:48.540+0000 INFO  [o.n.k.i.DiagnosticsManager]   neostore.nodestore.db.labels.id: 2019-06-28T18:12:45+0200 - 9,00 B
2019-06-28 16:12:48.540+0000 INFO  [o.n.k.i.DiagnosticsManager]   neostore.propertystore.db: 2019-06-28T18:12:46+0200 - 0,00 B
2019-06-28 16:12:48.540+0000 INFO  [o.n.k.i.DiagnosticsManager]   neostore.propertystore.db.arrays: 2019-06-28T18:12:46+0200 - 8,00 kB
2019-06-28 16:12:48.540+0000 INFO  [o.n.k.i.DiagnosticsManager]   neostore.propertystore.db.arrays.id: 2019-06-28T18:12:46+0200 - 9,00 B
2019-06-28 16:12:48.540+0000 INFO  [o.n.k.i.DiagnosticsManager]   neostore.propertystore.db.id: 2019-06-28T18:12:46+0200 - 9,00 B
2019-06-28 16:12:48.540+0000 INFO  [o.n.k.i.DiagnosticsManager]   neostore.propertystore.db.index: 2019-06-28T18:12:46+0200 - 0,00 B
2019-06-28 16:12:48.540+0000 INFO  [o.n.k.i.DiagnosticsManager]   neostore.propertystore.db.index.id: 2019-06-28T18:12:46+0200 - 9,00 B
2019-06-28 16:12:48.540+0000 INFO  [o.n.k.i.DiagnosticsManager]   neostore.propertystore.db.index.keys: 2019-06-28T18:12:46+0200 - 8,00 kB
2019-06-28 16:12:48.540+0000 INFO  [o.n.k.i.DiagnosticsManager]   neostore.propertystore.db.index.keys.id: 2019-06-28T18:12:46+0200 - 9,00 B
2019-06-28 16:12:48.540+0000 INFO  [o.n.k.i.DiagnosticsManager]   neostore.propertystore.db.strings: 2019-06-28T18:12:46+0200 - 8,00 kB
2019-06-28 16:12:48.544+0000 INFO  [o.n.k.i.DiagnosticsManager]   neostore.propertystore.db.strings.id: 2019-06-28T18:12:46+0200 - 9,00 B
2019-06-28 16:12:48.544+0000 INFO  [o.n.k.i.DiagnosticsManager]   neostore.relationshipgroupstore.db: 2019-06-28T18:12:46+0200 - 8,00 kB
2019-06-28 16:12:48.544+0000 INFO  [o.n.k.i.DiagnosticsManager]   neostore.relationshipgroupstore.db.id: 2019-06-28T18:12:46+0200 - 9,00 B
2019-06-28 16:12:48.544+0000 INFO  [o.n.k.i.DiagnosticsManager]   neostore.relationshipstore.db: 2019-06-28T18:12:46+0200 - 0,00 B
2019-06-28 16:12:48.544+0000 INFO  [o.n.k.i.DiagnosticsManager]   neostore.relationshipstore.db.id: 2019-06-28T18:12:46+0200 - 9,00 B
2019-06-28 16:12:48.544+0000 INFO  [o.n.k.i.DiagnosticsManager]   neostore.relationshiptypestore.db: 2019-06-28T18:12:46+0200 - 0,00 B
2019-06-28 16:12:48.544+0000 INFO  [o.n.k.i.DiagnosticsManager]   neostore.relationshiptypestore.db.id: 2019-06-28T18:12:46+0200 - 9,00 B
2019-06-28 16:12:48.548+0000 INFO  [o.n.k.i.DiagnosticsManager]   neostore.relationshiptypestore.db.names: 2019-06-28T18:12:46+0200 - 8,00 kB
2019-06-28 16:12:48.548+0000 INFO  [o.n.k.i.DiagnosticsManager]   neostore.relationshiptypestore.db.names.id: 2019-06-28T18:12:46+0200 - 9,00 B
2019-06-28 16:12:48.548+0000 INFO  [o.n.k.i.DiagnosticsManager]   neostore.schemastore.db: 2019-06-28T18:12:46+0200 - 8,00 kB
2019-06-28 16:12:48.548+0000 INFO  [o.n.k.i.DiagnosticsManager]   neostore.schemastore.db.id: 2019-06-28T18:12:46+0200 - 9,00 B
2019-06-28 16:12:48.548+0000 INFO  [o.n.k.i.DiagnosticsManager]   neostore.transaction.db.0: 2019-06-28T18:12:46+0200 - 16,00 B
2019-06-28 16:12:48.548+0000 INFO  [o.n.k.i.DiagnosticsManager]   schema:
2019-06-28 16:12:48.548+0000 INFO  [o.n.k.i.DiagnosticsManager]     label:
2019-06-28 16:12:48.548+0000 INFO  [o.n.k.i.DiagnosticsManager]       lucene:
2019-06-28 16:12:48.548+0000 INFO  [o.n.k.i.DiagnosticsManager]         write.lock: 2019-06-28T18:12:46+0200 - 0,00 B
2019-06-28 16:12:48.552+0000 INFO  [o.n.k.i.DiagnosticsManager]       - Total: 2019-06-28T18:12:46+0200 - 0,00 B
2019-06-28 16:12:48.552+0000 INFO  [o.n.k.i.DiagnosticsManager]     - Total: 2019-06-28T18:12:46+0200 - 0,00 B
2019-06-28 16:12:48.552+0000 INFO  [o.n.k.i.DiagnosticsManager]   - Total: 2019-06-28T18:12:46+0200 - 0,00 B
2019-06-28 16:12:48.552+0000 INFO  [o.n.k.i.DiagnosticsManager]   store_lock: 2019-06-28T18:12:45+0200 - 0,00 B
2019-06-28 16:12:48.552+0000 INFO  [o.n.k.i.DiagnosticsManager] --- STARTED diagnostics for KernelDiagnostics:StoreFiles END ---
2019-06-28 16:12:50.636+0000 INFO  [o.n.k.i.DiagnosticsManager] --- SERVER STARTED START ---
2019-06-28 16:12:52.773+0000 INFO  [o.n.k.i.DiagnosticsManager] --- SERVER STARTED END ---
